000 (52182303.000.000) 03/03 09:51:30 Job submitted from host: <10.128.12.110:50155>
...
001 (52182303.000.000) 03/03 09:55:58 Job executing on host: <10.128.10.169:53345>
...
006 (52182303.000.000) 03/03 09:56:07 Image size of job updated: 139640
	83  -  MemoryUsage of job (MB)
	84428  -  ResidentSetSize of job (KB)
...
006 (52182303.000.000) 03/03 10:01:08 Image size of job updated: 173396
	130  -  MemoryUsage of job (MB)
	132972  -  ResidentSetSize of job (KB)
...
006 (52182303.000.000) 03/03 10:06:08 Image size of job updated: 194312
	130  -  MemoryUsage of job (MB)
	132972  -  ResidentSetSize of job (KB)
...
005 (52182303.000.000) 03/03 10:09:32 Job terminated.
	(1) Normal termination (return value 0)
		Usr 0 00:12:14, Sys 0 00:00:35  -  Run Remote Usage
		Usr 0 00:00:00, Sys 0 00:00:00  -  Run Local Usage
		Usr 0 00:12:14, Sys 0 00:00:35  -  Total Remote Usage
		Usr 0 00:00:00, Sys 0 00:00:00  -  Total Local Usage
	0  -  Run Bytes Sent By Job
	0  -  Run Bytes Received By Job
	0  -  Total Bytes Sent By Job
	0  -  Total Bytes Received By Job
	Partitionable Resources :    Usage  Request Allocated
	   Admin_mutex_1         :                           1
	   Admin_mutex_2         :                           1
	   Admin_mutex_3         :                           1
	   Cpus                  :                 1         1
	   Disk (KB)             :        7  1000000   8284071
	   Machine_token         :                           1
	   Memory (MB)           :      130     1000      1000
...
