Mon Sep 21 09:11:03 CDT 2015
node039.icecube.wisc.edu
Merging /data/user/zgriffith/ShowerLLH/IT81-II_data/files/burn_sample/DataLLH_201301.hdf5
Merging /data/user/zgriffith/ShowerLLH/IT81-II_data/files/burn_sample/DataLLH_201301_00120174_00000264_00120174_00000265.hdf5
Merging /data/user/zgriffith/ShowerLLH/IT81-II_data/files/burn_sample/DataLLH_201301_00120174_00000266_00120174_00000267.hdf5
Merging /data/user/zgriffith/ShowerLLH/IT81-II_data/files/burn_sample/DataLLH_201301_00120174_00000268_00120174_00000269.hdf5
Merging /data/user/zgriffith/ShowerLLH/IT81-II_data/files/burn_sample/DataLLH_201301_00120174_00000270_00120174_00000271.hdf5
Merging /data/user/zgriffith/ShowerLLH/IT81-II_data/files/burn_sample/DataLLH_201301_00120195_00000064_00120195_00000065.hdf5
Merging /data/user/zgriffith/ShowerLLH/IT81-II_data/files/burn_sample/DataLLH_201301_00120195_00000066_00120195_00000067.hdf5
Merging /data/user/zgriffith/ShowerLLH/IT81-II_data/files/burn_sample/DataLLH_201301_00120195_00000068_00120195_00000069.hdf5
Merging /data/user/zgriffith/ShowerLLH/IT81-II_data/files/burn_sample/DataLLH_201301_00120195_00000070_00120195_00000071.hdf5
Merging /data/user/zgriffith/ShowerLLH/IT81-II_data/files/burn_sample/DataLLH_201301_00120195_00000184_00120195_00000185.hdf5
Merging /data/user/zgriffith/ShowerLLH/IT81-II_data/files/burn_sample/DataLLH_201301_00120195_00000186_00120195_00000187.hdf5
Merging /data/user/zgriffith/ShowerLLH/IT81-II_data/files/burn_sample/DataLLH_201301_00120195_00000188_00120195_00000189.hdf5
Merging /data/user/zgriffith/ShowerLLH/IT81-II_data/files/burn_sample/DataLLH_201301_00120195_00000190_00120195_00000191.hdf5
Merging /data/user/zgriffith/ShowerLLH/IT81-II_data/files/burn_sample/DataLLH_201301_00120195_00000200_00120195_00000201.hdf5
Merging /data/user/zgriffith/ShowerLLH/IT81-II_data/files/burn_sample/DataLLH_201301_00120195_00000202_00120195_00000203.hdf5
Merging /data/user/zgriffith/ShowerLLH/IT81-II_data/files/burn_sample/DataLLH_201301_00120195_00000204_00120195_00000205.hdf5
Merging /data/user/zgriffith/ShowerLLH/IT81-II_data/files/burn_sample/DataLLH_201301_00120195_00000206_00120195_00000207.hdf5
Merging /data/user/zgriffith/ShowerLLH/IT81-II_data/files/burn_sample/DataLLH_201301_00120195_00000208_00120195_00000209.hdf5
Merging /data/user/zgriffith/ShowerLLH/IT81-II_data/files/burn_sample/DataLLH_201301_00120195_00000210_00120195_00000211.hdf5
Merging /data/user/zgriffith/ShowerLLH/IT81-II_data/files/burn_sample/DataLLH_201301_00120195_00000212_00120195_00000213.hdf5
Merging /data/user/zgriffith/ShowerLLH/IT81-II_data/files/burn_sample/DataLLH_201301_00120195_00000214_00120195_00000215.hdf5
Merging /data/user/zgriffith/ShowerLLH/IT81-II_data/files/burn_sample/DataLLH_201301_00120195_00000224_00120195_00000225.hdf5
Merging /data/user/zgriffith/ShowerLLH/IT81-II_data/files/burn_sample/DataLLH_201301_00120195_00000226_00120195_00000227.hdf5
Merging /data/user/zgriffith/ShowerLLH/IT81-II_data/files/burn_sample/DataLLH_201301_00120195_00000228_00120195_00000229.hdf5
Merging /data/user/zgriffith/ShowerLLH/IT81-II_data/files/burn_sample/DataLLH_201301_00120195_00000230_00120195_00000231.hdf5
Merging /data/user/zgriffith/ShowerLLH/IT81-II_data/files/burn_sample/DataLLH_201301_00120240_00000042_00120240_00000043.hdf5
Merging /data/user/zgriffith/ShowerLLH/IT81-II_data/files/burn_sample/DataLLH_201301_00120240_00000044_00120240_00000045.hdf5
Merging /data/user/zgriffith/ShowerLLH/IT81-II_data/files/burn_sample/DataLLH_201301_00120240_00000046_00120240_00000047.hdf5
Merging /data/user/zgriffith/ShowerLLH/IT81-II_data/files/burn_sample/DataLLH_201301_00120240_00000048_00120240_00000049.hdf5
Merging /data/user/zgriffith/ShowerLLH/IT81-II_data/files/burn_sample/DataLLH_201301_00120261_00000024_00120261_00000025.hdf5
Merging /data/user/zgriffith/ShowerLLH/IT81-II_data/files/burn_sample/DataLLH_201301_00120261_00000026_00120261_00000027.hdf5
Merging /data/user/zgriffith/ShowerLLH/IT81-II_data/files/burn_sample/DataLLH_201301_00120261_00000028_00120261_00000029.hdf5
Merging /data/user/zgriffith/ShowerLLH/IT81-II_data/files/burn_sample/DataLLH_201301_00120261_00000030_00120261_00000031.hdf5
Merging /data/user/zgriffith/ShowerLLH/IT81-II_data/files/burn_sample/DataLLH_201301_00120261_00000208_00120261_00000209.hdf5
Merging /data/user/zgriffith/ShowerLLH/IT81-II_data/files/burn_sample/DataLLH_201301_00120261_00000210_00120261_00000211.hdf5
Merging /data/user/zgriffith/ShowerLLH/IT81-II_data/files/burn_sample/DataLLH_201301_00120261_00000212_00120261_00000213.hdf5
Merging /data/user/zgriffith/ShowerLLH/IT81-II_data/files/burn_sample/DataLLH_201301_00120261_00000214_00120261_00000215.hdf5
Merging /data/user/zgriffith/ShowerLLH/IT81-II_data/files/burn_sample/DataLLH_201301_00120261_00000312_00120261_00000313.hdf5
Merging /data/user/zgriffith/ShowerLLH/IT81-II_data/files/burn_sample/DataLLH_201301_00120261_00000314_00120261_00000315.hdf5
Merging /data/user/zgriffith/ShowerLLH/IT81-II_data/files/burn_sample/DataLLH_201301_00120261_00000316_00120261_00000317.hdf5
Merging /data/user/zgriffith/ShowerLLH/IT81-II_data/files/burn_sample/DataLLH_201301_00120261_00000318_00120261_00000319.hdf5
Merging /data/user/zgriffith/ShowerLLH/IT81-II_data/files/burn_sample/DataLLH_201301_00120261_00000328_00120261_00000329.hdf5
Merging /data/user/zgriffith/ShowerLLH/IT81-II_data/files/burn_sample/DataLLH_201301_00120261_00000330_00120261_00000331.hdf5
Merging /data/user/zgriffith/ShowerLLH/IT81-II_data/files/burn_sample/DataLLH_201301_00120261_00000332_00120261_00000333.hdf5
Merging /data/user/zgriffith/ShowerLLH/IT81-II_data/files/burn_sample/DataLLH_201301_00120261_00000334_00120261_00000335.hdf5
Merging /data/user/zgriffith/ShowerLLH/IT81-II_data/files/burn_sample/DataLLH_201301_00120313_00000126_00120313_00000127.hdf5
Merging /data/user/zgriffith/ShowerLLH/IT81-II_data/files/burn_sample/DataLLH_201301_00120313_00000128_00120313_00000129.hdf5
Merging /data/user/zgriffith/ShowerLLH/IT81-II_data/files/burn_sample/DataLLH_201301_00120313_00000130_00120313_00000131.hdf5
Merging /data/user/zgriffith/ShowerLLH/IT81-II_data/files/burn_sample/DataLLH_201301_00120313_00000132_00120313_00000133.hdf5
Merging /data/user/zgriffith/ShowerLLH/IT81-II_data/files/burn_sample/DataLLH_201301_00120313_00000254_00120313_00000255.hdf5
Merging /data/user/zgriffith/ShowerLLH/IT81-II_data/files/burn_sample/DataLLH_201301_00120313_00000256_00120313_00000257.hdf5
Merging /data/user/zgriffith/ShowerLLH/IT81-II_data/files/burn_sample/DataLLH_201301_00120313_00000258_00120313_00000259.hdf5
Merging /data/user/zgriffith/ShowerLLH/IT81-II_data/files/burn_sample/DataLLH_201301_00120313_00000260_00120313_00000261.hdf5
Merging /data/user/zgriffith/ShowerLLH/IT81-II_data/files/burn_sample/DataLLH_201301_00120313_00000310_00120313_00000311.hdf5
Merging /data/user/zgriffith/ShowerLLH/IT81-II_data/files/burn_sample/DataLLH_201301_00120313_00000312_00120313_00000313.hdf5
Merging /data/user/zgriffith/ShowerLLH/IT81-II_data/files/burn_sample/DataLLH_201301_00120313_00000314_00120313_00000315.hdf5
Merging /data/user/zgriffith/ShowerLLH/IT81-II_data/files/burn_sample/DataLLH_201301_00120313_00000316_00120313_00000317.hdf5
Merging /data/user/zgriffith/ShowerLLH/IT81-II_data/files/burn_sample/DataLLH_201301_00120378_00000202_00120378_00000203.hdf5
Merging /data/user/zgriffith/ShowerLLH/IT81-II_data/files/burn_sample/DataLLH_201301_00120378_00000204_00120378_00000205.hdf5
Merging /data/user/zgriffith/ShowerLLH/IT81-II_data/files/burn_sample/DataLLH_201301_00120378_00000206_00120378_00000207.hdf5
Merging /data/user/zgriffith/ShowerLLH/IT81-II_data/files/burn_sample/DataLLH_201301_00120378_00000208_00120378_00000209.hdf5
Merging /data/user/zgriffith/ShowerLLH/IT81-II_data/files/burn_sample/DataLLH_201301_00120401_00000296_00120401_00000297.hdf5
Merging /data/user/zgriffith/ShowerLLH/IT81-II_data/files/burn_sample/DataLLH_201301_00120401_00000298_00120401_00000299.hdf5
Merging /data/user/zgriffith/ShowerLLH/IT81-II_data/files/burn_sample/DataLLH_201301_00120401_00000300_00120401_00000301.hdf5
Merging /data/user/zgriffith/ShowerLLH/IT81-II_data/files/burn_sample/DataLLH_201301_00120401_00000302_00120401_00000303.hdf5
Merging /data/user/zgriffith/ShowerLLH/IT81-II_data/files/burn_sample/DataLLH_201301_00120423_00000062_00120423_00000063.hdf5
Merging /data/user/zgriffith/ShowerLLH/IT81-II_data/files/burn_sample/DataLLH_201301_00120423_00000064_00120423_00000065.hdf5
Merging /data/user/zgriffith/ShowerLLH/IT81-II_data/files/burn_sample/DataLLH_201301_00120423_00000066_00120423_00000067.hdf5
Merging /data/user/zgriffith/ShowerLLH/IT81-II_data/files/burn_sample/DataLLH_201301_00120423_00000068_00120423_00000069.hdf5
Merging /data/user/zgriffith/ShowerLLH/IT81-II_data/files/burn_sample/DataLLH_201301_00120423_00000094_00120423_00000095.hdf5
Merging /data/user/zgriffith/ShowerLLH/IT81-II_data/files/burn_sample/DataLLH_201301_00120423_00000096_00120423_00000097.hdf5
Merging /data/user/zgriffith/ShowerLLH/IT81-II_data/files/burn_sample/DataLLH_201301_00120423_00000098_00120423_00000099.hdf5
Merging /data/user/zgriffith/ShowerLLH/IT81-II_data/files/burn_sample/DataLLH_201301_00120423_00000100_00120423_00000101.hdf5
Merging /data/user/zgriffith/ShowerLLH/IT81-II_data/files/burn_sample/DataLLH_201301_00120423_00000110_00120423_00000111.hdf5
Merging /data/user/zgriffith/ShowerLLH/IT81-II_data/files/burn_sample/DataLLH_201301_00120423_00000112_00120423_00000113.hdf5
Merging /data/user/zgriffith/ShowerLLH/IT81-II_data/files/burn_sample/DataLLH_201301_00120423_00000114_00120423_00000115.hdf5
Merging /data/user/zgriffith/ShowerLLH/IT81-II_data/files/burn_sample/DataLLH_201301_00120423_00000116_00120423_00000117.hdf5
Merging /data/user/zgriffith/ShowerLLH/IT81-II_data/files/burn_sample/DataLLH_201301_00120423_00000142_00120423_00000143.hdf5
Merging /data/user/zgriffith/ShowerLLH/IT81-II_data/files/burn_sample/DataLLH_201301_00120423_00000144_00120423_00000145.hdf5
Merging /data/user/zgriffith/ShowerLLH/IT81-II_data/files/burn_sample/DataLLH_201301_00120423_00000146_00120423_00000147.hdf5
Merging /data/user/zgriffith/ShowerLLH/IT81-II_data/files/burn_sample/DataLLH_201301_00120423_00000148_00120423_00000149.hdf5
Merging /data/user/zgriffith/ShowerLLH/IT81-II_data/files/burn_sample/DataLLH_201301_00120423_00000150_00120423_00000151.hdf5
Merging /data/user/zgriffith/ShowerLLH/IT81-II_data/files/burn_sample/DataLLH_201301_00120423_00000152_00120423_00000153.hdf5
Merging /data/user/zgriffith/ShowerLLH/IT81-II_data/files/burn_sample/DataLLH_201301_00120423_00000154_00120423_00000155.hdf5
Merging /data/user/zgriffith/ShowerLLH/IT81-II_data/files/burn_sample/DataLLH_201301_00120423_00000156_00120423_00000157.hdf5
Merging /data/user/zgriffith/ShowerLLH/IT81-II_data/files/burn_sample/DataLLH_201301_00120423_00000158_00120423_00000159.hdf5
Merging /data/user/zgriffith/ShowerLLH/IT81-II_data/files/burn_sample/DataLLH_201301_00120423_00000160_00120423_00000161.hdf5
Merging /data/user/zgriffith/ShowerLLH/IT81-II_data/files/burn_sample/DataLLH_201301_00120423_00000162_00120423_00000163.hdf5
Merging /data/user/zgriffith/ShowerLLH/IT81-II_data/files/burn_sample/DataLLH_201301_00120423_00000164_00120423_00000165.hdf5
Merging /data/user/zgriffith/ShowerLLH/IT81-II_data/files/burn_sample/DataLLH_201301_00120423_00000166_00120423_00000167.hdf5
Merging /data/user/zgriffith/ShowerLLH/IT81-II_data/files/burn_sample/DataLLH_201301_00120423_00000168_00120423_00000169.hdf5
Merging /data/user/zgriffith/ShowerLLH/IT81-II_data/files/burn_sample/DataLLH_201301_00120423_00000170_00120423_00000171.hdf5
Merging /data/user/zgriffith/ShowerLLH/IT81-II_data/files/burn_sample/DataLLH_201301_00120423_00000172_00120423_00000173.hdf5
Merging /data/user/zgriffith/ShowerLLH/IT81-II_data/files/burn_sample/DataLLH_201301_00120423_00000174_00120423_00000175.hdf5
Merging /data/user/zgriffith/ShowerLLH/IT81-II_data/files/burn_sample/DataLLH_201301_00120423_00000176_00120423_00000177.hdf5
Merging /data/user/zgriffith/ShowerLLH/IT81-II_data/files/burn_sample/DataLLH_201301_00120423_00000178_00120423_00000179.hdf5
Merging /data/user/zgriffith/ShowerLLH/IT81-II_data/files/burn_sample/DataLLH_201301_00120423_00000180_00120423_00000181.hdf5
Merging /data/user/zgriffith/ShowerLLH/IT81-II_data/files/burn_sample/DataLLH_201301_00120423_00000198_00120423_00000199.hdf5
Merging /data/user/zgriffith/ShowerLLH/IT81-II_data/files/burn_sample/DataLLH_201301_00120423_00000200_00120423_00000201.hdf5
Merging /data/user/zgriffith/ShowerLLH/IT81-II_data/files/burn_sample/DataLLH_201301_00120423_00000202_00120423_00000203.hdf5
Merging /data/user/zgriffith/ShowerLLH/IT81-II_data/files/burn_sample/DataLLH_201301_00120423_00000204_00120423_00000205.hdf5
Merging /data/user/zgriffith/ShowerLLH/IT81-II_data/files/burn_sample/DataLLH_201301_00120423_00000206_00120423_00000207.hdf5
Merging /data/user/zgriffith/ShowerLLH/IT81-II_data/files/burn_sample/DataLLH_201301_00120423_00000208_00120423_00000209.hdf5
Merging /data/user/zgriffith/ShowerLLH/IT81-II_data/files/burn_sample/DataLLH_201301_00120423_00000210_00120423_00000211.hdf5
Merging /data/user/zgriffith/ShowerLLH/IT81-II_data/files/burn_sample/DataLLH_201301_00120423_00000212_00120423_00000213.hdf5
Merging /data/user/zgriffith/ShowerLLH/IT81-II_data/files/burn_sample/DataLLH_201301_00120423_00000214_00120423_00000215.hdf5
Merging /data/user/zgriffith/ShowerLLH/IT81-II_data/files/burn_sample/DataLLH_201301_00120423_00000216_00120423_00000217.hdf5
Merging /data/user/zgriffith/ShowerLLH/IT81-II_data/files/burn_sample/DataLLH_201301_00120423_00000218_00120423_00000219.hdf5
Merging /data/user/zgriffith/ShowerLLH/IT81-II_data/files/burn_sample/DataLLH_201301_00120423_00000220_00120423_00000221.hdf5
Merging /data/user/zgriffith/ShowerLLH/IT81-II_data/files/burn_sample/DataLLH_201301_00120423_00000222_00120423_00000223.hdf5
Merging /data/user/zgriffith/ShowerLLH/IT81-II_data/files/burn_sample/DataLLH_201301_00120423_00000224_00120423_00000225.hdf5
Merging /data/user/zgriffith/ShowerLLH/IT81-II_data/files/burn_sample/DataLLH_201301_00120423_00000226_00120423_00000227.hdf5
Merging /data/user/zgriffith/ShowerLLH/IT81-II_data/files/burn_sample/DataLLH_201301_00120423_00000228_00120423_00000229.hdf5
Merging /data/user/zgriffith/ShowerLLH/IT81-II_data/files/burn_sample/DataLLH_201301_00120423_00000278_00120423_00000279.hdf5
Merging /data/user/zgriffith/ShowerLLH/IT81-II_data/files/burn_sample/DataLLH_201301_00120423_00000280_00120423_00000281.hdf5
Merging /data/user/zgriffith/ShowerLLH/IT81-II_data/files/burn_sample/DataLLH_201301_00120423_00000282_00120423_00000283.hdf5
Merging /data/user/zgriffith/ShowerLLH/IT81-II_data/files/burn_sample/DataLLH_201301_00120423_00000284_00120423_00000285.hdf5
Merging /data/user/zgriffith/ShowerLLH/IT81-II_data/files/burn_sample/DataLLH_201301_00120444_00000079_00120444_00000080.hdf5
Merging /data/user/zgriffith/ShowerLLH/IT81-II_data/files/burn_sample/DataLLH_201301_00120444_00000081_00120444_00000082.hdf5
Merging /data/user/zgriffith/ShowerLLH/IT81-II_data/files/burn_sample/DataLLH_201301_00120444_00000083_00120444_00000084.hdf5
Merging /data/user/zgriffith/ShowerLLH/IT81-II_data/files/burn_sample/DataLLH_201301_00120444_00000085_00120444_00000086.hdf5
Merging /data/user/zgriffith/ShowerLLH/IT81-II_data/files/burn_sample/DataLLH_201301_00120444_00000103_00120444_00000104.hdf5
Merging /data/user/zgriffith/ShowerLLH/IT81-II_data/files/burn_sample/DataLLH_201301_00120444_00000105_00120444_00000106.hdf5
Merging /data/user/zgriffith/ShowerLLH/IT81-II_data/files/burn_sample/DataLLH_201301_00120444_00000107_00120444_00000108.hdf5
Merging /data/user/zgriffith/ShowerLLH/IT81-II_data/files/burn_sample/DataLLH_201301_00120444_00000109_00120444_00000110.hdf5
Merging /data/user/zgriffith/ShowerLLH/IT81-II_data/files/burn_sample/DataLLH_201301_00120444_00000127_00120444_00000128.hdf5
Merging /data/user/zgriffith/ShowerLLH/IT81-II_data/files/burn_sample/DataLLH_201301_00120444_00000129_00120444_00000130.hdf5
Merging /data/user/zgriffith/ShowerLLH/IT81-II_data/files/burn_sample/DataLLH_201301_00120444_00000131_00120444_00000132.hdf5
Merging /data/user/zgriffith/ShowerLLH/IT81-II_data/files/burn_sample/DataLLH_201301_00120444_00000133_00120444_00000134.hdf5
Merging /data/user/zgriffith/ShowerLLH/IT81-II_data/files/burn_sample/DataLLH_201301_00120469_00000127_00120469_00000128.hdf5
Merging /data/user/zgriffith/ShowerLLH/IT81-II_data/files/burn_sample/DataLLH_201301_00120469_00000129_00120469_00000130.hdf5
Merging /data/user/zgriffith/ShowerLLH/IT81-II_data/files/burn_sample/DataLLH_201301_00120469_00000131_00120469_00000132.hdf5
Merging /data/user/zgriffith/ShowerLLH/IT81-II_data/files/burn_sample/DataLLH_201301_00120469_00000133_00120469_00000134.hdf5
Merging /data/user/zgriffith/ShowerLLH/IT81-II_data/files/burn_sample/DataLLH_201301_00120469_00000151_00120469_00000152.hdf5
Merging /data/user/zgriffith/ShowerLLH/IT81-II_data/files/burn_sample/DataLLH_201301_00120469_00000153_00120469_00000154.hdf5
Merging /data/user/zgriffith/ShowerLLH/IT81-II_data/files/burn_sample/DataLLH_201301_00120469_00000155_00120469_00000156.hdf5
Merging /data/user/zgriffith/ShowerLLH/IT81-II_data/files/burn_sample/DataLLH_201301_00120469_00000157_00120469_00000158.hdf5
Merging /data/user/zgriffith/ShowerLLH/IT81-II_data/files/burn_sample/DataLLH_201301_00120469_00000159_00120469_00000160.hdf5
Merging /data/user/zgriffith/ShowerLLH/IT81-II_data/files/burn_sample/DataLLH_201301_00120469_00000161_00120469_00000162.hdf5
Merging /data/user/zgriffith/ShowerLLH/IT81-II_data/files/burn_sample/DataLLH_201301_00120469_00000163_00120469_00000164.hdf5
Merging /data/user/zgriffith/ShowerLLH/IT81-II_data/files/burn_sample/DataLLH_201301_00120469_00000165_00120469_00000166.hdf5
Merging /data/user/zgriffith/ShowerLLH/IT81-II_data/files/burn_sample/DataLLH_201301_00120469_00000167_00120469_00000168.hdf5
Merging /data/user/zgriffith/ShowerLLH/IT81-II_data/files/burn_sample/DataLLH_201301_00120469_00000169_00120469_00000170.hdf5
Merging /data/user/zgriffith/ShowerLLH/IT81-II_data/files/burn_sample/DataLLH_201301_00120469_00000171_00120469_00000172.hdf5
Merging /data/user/zgriffith/ShowerLLH/IT81-II_data/files/burn_sample/DataLLH_201301_00120469_00000173_00120469_00000174.hdf5
Merging /data/user/zgriffith/ShowerLLH/IT81-II_data/files/burn_sample/DataLLH_201301_00120469_00000231_00120469_00000232.hdf5
Merging /data/user/zgriffith/ShowerLLH/IT81-II_data/files/burn_sample/DataLLH_201301_00120469_00000233_00120469_00000234.hdf5
Merging /data/user/zgriffith/ShowerLLH/IT81-II_data/files/burn_sample/DataLLH_201301_00120469_00000235_00120469_00000236.hdf5
Merging /data/user/zgriffith/ShowerLLH/IT81-II_data/files/burn_sample/DataLLH_201301_00120469_00000237_00120469_00000238.hdf5
Merging /data/user/zgriffith/ShowerLLH/IT81-II_data/files/burn_sample/DataLLH_201301_00120469_00000255_00120469_00000256.hdf5
Merging /data/user/zgriffith/ShowerLLH/IT81-II_data/files/burn_sample/DataLLH_201301_00120469_00000257_00120469_00000258.hdf5
Merging /data/user/zgriffith/ShowerLLH/IT81-II_data/files/burn_sample/DataLLH_201301_00120469_00000259_00120469_00000260.hdf5
Merging /data/user/zgriffith/ShowerLLH/IT81-II_data/files/burn_sample/DataLLH_201301_00120469_00000261_00120469_00000262.hdf5
Merging /data/user/zgriffith/ShowerLLH/IT81-II_data/files/burn_sample/DataLLH_201301_00120469_00000303_00120469_00000304.hdf5
Merging /data/user/zgriffith/ShowerLLH/IT81-II_data/files/burn_sample/DataLLH_201301_00120469_00000305_00120469_00000306.hdf5
Merging /data/user/zgriffith/ShowerLLH/IT81-II_data/files/burn_sample/DataLLH_201301_00120469_00000307_00120469_00000308.hdf5
Merging /data/user/zgriffith/ShowerLLH/IT81-II_data/files/burn_sample/DataLLH_201301_00120469_00000309_00120469_00000310.hdf5
Merging /data/user/zgriffith/ShowerLLH/IT81-II_data/files/burn_sample/DataLLH_201301_00120518_00000000_00120518_00000001.hdf5
Merging /data/user/zgriffith/ShowerLLH/IT81-II_data/files/burn_sample/DataLLH_201301_00120518_00000002_00120518_00000003.hdf5
Merging /data/user/zgriffith/ShowerLLH/IT81-II_data/files/burn_sample/DataLLH_201301_00120518_00000004_00120518_00000005.hdf5
Merging /data/user/zgriffith/ShowerLLH/IT81-II_data/files/burn_sample/DataLLH_201301_00120518_00000006_00120518_00000007.hdf5
Merging /data/user/zgriffith/ShowerLLH/IT81-II_data/files/burn_sample/DataLLH_201301_00120538_00000016_00120538_00000017.hdf5
Merging /data/user/zgriffith/ShowerLLH/IT81-II_data/files/burn_sample/DataLLH_201301_00120538_00000018_00120538_00000019.hdf5
Merging /data/user/zgriffith/ShowerLLH/IT81-II_data/files/burn_sample/DataLLH_201301_00120538_00000020_00120538_00000021.hdf5
Merging /data/user/zgriffith/ShowerLLH/IT81-II_data/files/burn_sample/DataLLH_201301_00120538_00000022_00120538_00000023.hdf5
Merging /data/user/zgriffith/ShowerLLH/IT81-II_data/files/burn_sample/DataLLH_201301_00120538_00000024_00120538_00000025.hdf5
Merging /data/user/zgriffith/ShowerLLH/IT81-II_data/files/burn_sample/DataLLH_201301_00120538_00000026_00120538_00000027.hdf5
Merging /data/user/zgriffith/ShowerLLH/IT81-II_data/files/burn_sample/DataLLH_201301_00120538_00000028_00120538_00000029.hdf5
Merging /data/user/zgriffith/ShowerLLH/IT81-II_data/files/burn_sample/DataLLH_201301_00120538_00000030_00120538_00000031.hdf5
Merging /data/user/zgriffith/ShowerLLH/IT81-II_data/files/burn_sample/DataLLH_201301_00120538_00000144_00120538_00000145.hdf5
Merging /data/user/zgriffith/ShowerLLH/IT81-II_data/files/burn_sample/DataLLH_201301_00120538_00000146_00120538_00000147.hdf5
Merging /data/user/zgriffith/ShowerLLH/IT81-II_data/files/burn_sample/DataLLH_201301_00120538_00000148_00120538_00000149.hdf5
Merging /data/user/zgriffith/ShowerLLH/IT81-II_data/files/burn_sample/DataLLH_201301_00120538_00000150_00120538_00000151.hdf5
Merging /data/user/zgriffith/ShowerLLH/IT81-II_data/files/burn_sample/DataLLH_201301_00120538_00000152_00120538_00000153.hdf5
Merging /data/user/zgriffith/ShowerLLH/IT81-II_data/files/burn_sample/DataLLH_201301_00120538_00000154_00120538_00000155.hdf5
Merging /data/user/zgriffith/ShowerLLH/IT81-II_data/files/burn_sample/DataLLH_201301_00120538_00000156_00120538_00000157.hdf5
Merging /data/user/zgriffith/ShowerLLH/IT81-II_data/files/burn_sample/DataLLH_201301_00120538_00000158_00120538_00000159.hdf5
Merging /data/user/zgriffith/ShowerLLH/IT81-II_data/files/burn_sample/DataLLH_201301_00120601_00000036_00120601_00000037.hdf5
Merging /data/user/zgriffith/ShowerLLH/IT81-II_data/files/burn_sample/DataLLH_201301_00120601_00000038_00120601_00000039.hdf5
Merging /data/user/zgriffith/ShowerLLH/IT81-II_data/files/burn_sample/DataLLH_201301_00120601_00000040_00120601_00000041.hdf5
Merging /data/user/zgriffith/ShowerLLH/IT81-II_data/files/burn_sample/DataLLH_201301_00120601_00000042_00120601_00000043.hdf5
Merging /data/user/zgriffith/ShowerLLH/IT81-II_data/files/burn_sample/DataLLH_201301_00120627_00000208_00120627_00000209.hdf5
Merging /data/user/zgriffith/ShowerLLH/IT81-II_data/files/burn_sample/DataLLH_201301_00120627_00000210_00120627_00000211.hdf5
Merging /data/user/zgriffith/ShowerLLH/IT81-II_data/files/burn_sample/DataLLH_201301_00120627_00000212_00120627_00000213.hdf5
Merging /data/user/zgriffith/ShowerLLH/IT81-II_data/files/burn_sample/DataLLH_201301_00120627_00000214_00120627_00000215.hdf5
Merging /data/user/zgriffith/ShowerLLH/IT81-II_data/files/burn_sample/DataLLH_201301_00120627_00000264_00120627_00000265.hdf5
Merging /data/user/zgriffith/ShowerLLH/IT81-II_data/files/burn_sample/DataLLH_201301_00120627_00000266_00120627_00000267.hdf5
Merging /data/user/zgriffith/ShowerLLH/IT81-II_data/files/burn_sample/DataLLH_201301_00120627_00000268_00120627_00000269.hdf5
Merging /data/user/zgriffith/ShowerLLH/IT81-II_data/files/burn_sample/DataLLH_201301_00120627_00000270_00120627_00000271.hdf5
Merging /data/user/zgriffith/ShowerLLH/IT81-II_data/files/burn_sample/DataLLH_201301_00120627_00000296_00120627_00000297.hdf5
Merging /data/user/zgriffith/ShowerLLH/IT81-II_data/files/burn_sample/DataLLH_201301_00120627_00000298_00120627_00000299.hdf5
Merging /data/user/zgriffith/ShowerLLH/IT81-II_data/files/burn_sample/DataLLH_201301_00120627_00000300_00120627_00000301.hdf5
Merging /data/user/zgriffith/ShowerLLH/IT81-II_data/files/burn_sample/DataLLH_201301_00120627_00000302_00120627_00000303.hdf5
Merging /data/user/zgriffith/ShowerLLH/IT81-II_data/files/burn_sample/DataLLH_201301_00120677_00000030_00120677_00000031.hdf5
Merging /data/user/zgriffith/ShowerLLH/IT81-II_data/files/burn_sample/DataLLH_201301_00120677_00000032_00120677_00000033.hdf5
Merging /data/user/zgriffith/ShowerLLH/IT81-II_data/files/burn_sample/DataLLH_201301_00120677_00000034_00120677_00000035.hdf5
Merging /data/user/zgriffith/ShowerLLH/IT81-II_data/files/burn_sample/DataLLH_201301_00120677_00000036_00120677_00000037.hdf5
Merging /data/user/zgriffith/ShowerLLH/IT81-II_data/files/burn_sample/DataLLH_201301_00120677_00000054_00120677_00000055.hdf5
Merging /data/user/zgriffith/ShowerLLH/IT81-II_data/files/burn_sample/DataLLH_201301_00120677_00000056_00120677_00000057.hdf5
Merging /data/user/zgriffith/ShowerLLH/IT81-II_data/files/burn_sample/DataLLH_201301_00120677_00000058_00120677_00000059.hdf5
Merging /data/user/zgriffith/ShowerLLH/IT81-II_data/files/burn_sample/DataLLH_201301_00120677_00000060_00120677_00000061.hdf5
Merging /data/user/zgriffith/ShowerLLH/IT81-II_data/files/burn_sample/DataLLH_201301_00120677_00000174_00120677_00000175.hdf5
Merging /data/user/zgriffith/ShowerLLH/IT81-II_data/files/burn_sample/DataLLH_201301_00120677_00000176_00120677_00000177.hdf5
Merging /data/user/zgriffith/ShowerLLH/IT81-II_data/files/burn_sample/DataLLH_201301_00120677_00000178_00120677_00000179.hdf5
Merging /data/user/zgriffith/ShowerLLH/IT81-II_data/files/burn_sample/DataLLH_201301_00120677_00000180_00120677_00000181.hdf5
Merging /data/user/zgriffith/ShowerLLH/IT81-II_data/files/burn_sample/DataLLH_201301_00120677_00000182_00120677_00000183.hdf5
Merging /data/user/zgriffith/ShowerLLH/IT81-II_data/files/burn_sample/DataLLH_201301_00120677_00000184_00120677_00000185.hdf5
Merging /data/user/zgriffith/ShowerLLH/IT81-II_data/files/burn_sample/DataLLH_201301_00120677_00000186_00120677_00000187.hdf5
Merging /data/user/zgriffith/ShowerLLH/IT81-II_data/files/burn_sample/DataLLH_201301_00120677_00000188_00120677_00000189.hdf5
Merging /data/user/zgriffith/ShowerLLH/IT81-II_data/files/burn_sample/DataLLH_201301_00120677_00000214_00120677_00000215.hdf5
Merging /data/user/zgriffith/ShowerLLH/IT81-II_data/files/burn_sample/DataLLH_201301_00120677_00000216_00120677_00000217.hdf5
Merging /data/user/zgriffith/ShowerLLH/IT81-II_data/files/burn_sample/DataLLH_201301_00120677_00000218_00120677_00000219.hdf5
Merging /data/user/zgriffith/ShowerLLH/IT81-II_data/files/burn_sample/DataLLH_201301_00120677_00000220_00120677_00000221.hdf5
Merging /data/user/zgriffith/ShowerLLH/IT81-II_data/files/burn_sample/DataLLH_201301_00120700_00000002_00120700_00000003.hdf5
Merging /data/user/zgriffith/ShowerLLH/IT81-II_data/files/burn_sample/DataLLH_201301_00120700_00000004_00120700_00000005.hdf5
Merging /data/user/zgriffith/ShowerLLH/IT81-II_data/files/burn_sample/DataLLH_201301_00120700_00000006_00120700_00000007.hdf5
Merging /data/user/zgriffith/ShowerLLH/IT81-II_data/files/burn_sample/DataLLH_201301_00120700_00000008_00120700_00000009.hdf5
Merging /data/user/zgriffith/ShowerLLH/IT81-II_data/files/burn_sample/DataLLH_201301_00120700_00000050_00120700_00000051.hdf5
Merging /data/user/zgriffith/ShowerLLH/IT81-II_data/files/burn_sample/DataLLH_201301_00120700_00000052_00120700_00000053.hdf5
Merging /data/user/zgriffith/ShowerLLH/IT81-II_data/files/burn_sample/DataLLH_201301_00120700_00000054_00120700_00000055.hdf5
Merging /data/user/zgriffith/ShowerLLH/IT81-II_data/files/burn_sample/DataLLH_201301_00120700_00000056_00120700_00000057.hdf5
Merging /data/user/zgriffith/ShowerLLH/IT81-II_data/files/burn_sample/DataLLH_201301_00120700_00000074_00120700_00000075.hdf5
Merging /data/user/zgriffith/ShowerLLH/IT81-II_data/files/burn_sample/DataLLH_201301_00120700_00000076_00120700_00000077.hdf5
Merging /data/user/zgriffith/ShowerLLH/IT81-II_data/files/burn_sample/DataLLH_201301_00120700_00000078_00120700_00000079.hdf5
Merging /data/user/zgriffith/ShowerLLH/IT81-II_data/files/burn_sample/DataLLH_201301_00120700_00000080_00120700_00000081.hdf5
Merging /data/user/zgriffith/ShowerLLH/IT81-II_data/files/burn_sample/DataLLH_201301_00120700_00000194_00120700_00000195.hdf5
Merging /data/user/zgriffith/ShowerLLH/IT81-II_data/files/burn_sample/DataLLH_201301_00120700_00000196_00120700_00000197.hdf5
Merging /data/user/zgriffith/ShowerLLH/IT81-II_data/files/burn_sample/DataLLH_201301_00120700_00000198_00120700_00000199.hdf5
Merging /data/user/zgriffith/ShowerLLH/IT81-II_data/files/burn_sample/DataLLH_201301_00120700_00000200_00120700_00000201.hdf5
Merging /data/user/zgriffith/ShowerLLH/IT81-II_data/files/burn_sample/DataLLH_201301_00120700_00000226_00120700_00000227.hdf5
Merging /data/user/zgriffith/ShowerLLH/IT81-II_data/files/burn_sample/DataLLH_201301_00120700_00000228_00120700_00000229.hdf5
Merging /data/user/zgriffith/ShowerLLH/IT81-II_data/files/burn_sample/DataLLH_201301_00120700_00000230_00120700_00000231.hdf5
Merging /data/user/zgriffith/ShowerLLH/IT81-II_data/files/burn_sample/DataLLH_201301_00120700_00000232_00120700_00000233.hdf5
Merging /data/user/zgriffith/ShowerLLH/IT81-II_data/files/burn_sample/DataLLH_201301_00120700_00000234_00120700_00000235.hdf5
Merging /data/user/zgriffith/ShowerLLH/IT81-II_data/files/burn_sample/DataLLH_201301_00120700_00000236_00120700_00000237.hdf5
Merging /data/user/zgriffith/ShowerLLH/IT81-II_data/files/burn_sample/DataLLH_201301_00120700_00000238_00120700_00000239.hdf5
Merging /data/user/zgriffith/ShowerLLH/IT81-II_data/files/burn_sample/DataLLH_201301_00120700_00000240_00120700_00000241.hdf5
Merging /data/user/zgriffith/ShowerLLH/IT81-II_data/files/burn_sample/DataLLH_201301_00120700_00000250_00120700_00000251.hdf5
Merging /data/user/zgriffith/ShowerLLH/IT81-II_data/files/burn_sample/DataLLH_201301_00120700_00000252_00120700_00000253.hdf5
Merging /data/user/zgriffith/ShowerLLH/IT81-II_data/files/burn_sample/DataLLH_201301_00120700_00000254_00120700_00000255.hdf5
Merging /data/user/zgriffith/ShowerLLH/IT81-II_data/files/burn_sample/DataLLH_201301_00120700_00000256_00120700_00000257.hdf5
Merging /data/user/zgriffith/ShowerLLH/IT81-II_data/files/burn_sample/DataLLH_201301_00120700_00000274_00120700_00000275.hdf5
Merging /data/user/zgriffith/ShowerLLH/IT81-II_data/files/burn_sample/DataLLH_201301_00120700_00000276_00120700_00000277.hdf5
Merging /data/user/zgriffith/ShowerLLH/IT81-II_data/files/burn_sample/DataLLH_201301_00120700_00000278_00120700_00000279.hdf5
Merging /data/user/zgriffith/ShowerLLH/IT81-II_data/files/burn_sample/DataLLH_201301_00120700_00000280_00120700_00000281.hdf5
Merging /data/user/zgriffith/ShowerLLH/IT81-II_data/files/burn_sample/DataLLH_201301_00120700_00000290_00120700_00000291.hdf5
Merging /data/user/zgriffith/ShowerLLH/IT81-II_data/files/burn_sample/DataLLH_201301_00120700_00000292_00120700_00000293.hdf5
Merging /data/user/zgriffith/ShowerLLH/IT81-II_data/files/burn_sample/DataLLH_201301_00120700_00000294_00120700_00000295.hdf5
Merging /data/user/zgriffith/ShowerLLH/IT81-II_data/files/burn_sample/DataLLH_201301_00120700_00000296_00120700_00000297.hdf5
Merging /data/user/zgriffith/ShowerLLH/IT81-II_data/files/burn_sample/DataLLH_201301_00120700_00000306_00120700_00000307.hdf5
Merging /data/user/zgriffith/ShowerLLH/IT81-II_data/files/burn_sample/DataLLH_201301_00120700_00000308_00120700_00000309.hdf5
Merging /data/user/zgriffith/ShowerLLH/IT81-II_data/files/burn_sample/DataLLH_201301_00120700_00000310_00120700_00000311.hdf5
Merging /data/user/zgriffith/ShowerLLH/IT81-II_data/files/burn_sample/DataLLH_201301_00120700_00000312_00120700_00000313.hdf5
Merging /data/user/zgriffith/ShowerLLH/IT81-II_data/files/burn_sample/DataLLH_201301_00120700_00000314_00120700_00000315.hdf5
Merging /data/user/zgriffith/ShowerLLH/IT81-II_data/files/burn_sample/DataLLH_201301_00120700_00000316_00120700_00000317.hdf5
Merging /data/user/zgriffith/ShowerLLH/IT81-II_data/files/burn_sample/DataLLH_201301_00120700_00000318_00120700_00000319.hdf5
Merging /data/user/zgriffith/ShowerLLH/IT81-II_data/files/burn_sample/DataLLH_201301_00120700_00000320_00120700_00000321.hdf5
Merging /data/user/zgriffith/ShowerLLH/IT81-II_data/files/burn_sample/DataLLH_201301_00120700_00000322_00120700_00000323.hdf5
Merging /data/user/zgriffith/ShowerLLH/IT81-II_data/files/burn_sample/DataLLH_201301_00120700_00000324_00120700_00000325.hdf5
Merging /data/user/zgriffith/ShowerLLH/IT81-II_data/files/burn_sample/DataLLH_201301_00120700_00000326_00120700_00000327.hdf5
Merging /data/user/zgriffith/ShowerLLH/IT81-II_data/files/burn_sample/DataLLH_201301_00120700_00000328_00120700_00000329.hdf5
Merging /data/user/zgriffith/ShowerLLH/IT81-II_data/files/burn_sample/DataLLH_201301_00120700_00000330_00120700_00000331.hdf5
Merging /data/user/zgriffith/ShowerLLH/IT81-II_data/files/burn_sample/DataLLH_201301_00120700_00000332_00120700_00000333.hdf5
Merging /data/user/zgriffith/ShowerLLH/IT81-II_data/files/burn_sample/DataLLH_201301_00120700_00000334_00120700_00000335.hdf5
Merging /data/user/zgriffith/ShowerLLH/IT81-II_data/files/burn_sample/DataLLH_201301_00120700_00000336_00120700_00000337.hdf5
Merging /data/user/zgriffith/ShowerLLH/IT81-II_data/files/burn_sample/DataLLH_201301_00120725_00000035_00120725_00000036.hdf5
Merging /data/user/zgriffith/ShowerLLH/IT81-II_data/files/burn_sample/DataLLH_201301_00120725_00000037_00120725_00000038.hdf5
Merging /data/user/zgriffith/ShowerLLH/IT81-II_data/files/burn_sample/DataLLH_201301_00120725_00000039_00120725_00000040.hdf5
Merging /data/user/zgriffith/ShowerLLH/IT81-II_data/files/burn_sample/DataLLH_201301_00120725_00000041_00120725_00000042.hdf5
Merging /data/user/zgriffith/ShowerLLH/IT81-II_data/files/burn_sample/DataLLH_201301_00120725_00000299_00120725_00000300.hdf5
Merging /data/user/zgriffith/ShowerLLH/IT81-II_data/files/burn_sample/DataLLH_201301_00120725_00000301_00120725_00000302.hdf5
Merging /data/user/zgriffith/ShowerLLH/IT81-II_data/files/burn_sample/DataLLH_201301_00120725_00000303_00120725_00000304.hdf5
Merging /data/user/zgriffith/ShowerLLH/IT81-II_data/files/burn_sample/DataLLH_201301_00120725_00000305_00120725_00000306.hdf5
Merging /data/user/zgriffith/ShowerLLH/IT81-II_data/files/burn_sample/DataLLH_201301_00120756_00000000_00120756_00000001.hdf5
Merging /data/user/zgriffith/ShowerLLH/IT81-II_data/files/burn_sample/DataLLH_201301_00120756_00000002_00120756_00000003.hdf5
Merging /data/user/zgriffith/ShowerLLH/IT81-II_data/files/burn_sample/DataLLH_201301_00120756_00000004_00120756_00000005.hdf5
Merging /data/user/zgriffith/ShowerLLH/IT81-II_data/files/burn_sample/DataLLH_201301_00120756_00000006_00120756_00000007.hdf5
Merging /data/user/zgriffith/ShowerLLH/IT81-II_data/files/burn_sample/DataLLH_201301_00120756_00000016_00120756_00000017.hdf5
Merging /data/user/zgriffith/ShowerLLH/IT81-II_data/files/burn_sample/DataLLH_201301_00120756_00000018_00120756_00000019.hdf5
Merging /data/user/zgriffith/ShowerLLH/IT81-II_data/files/burn_sample/DataLLH_201301_00120756_00000020_00120756_00000021.hdf5
Merging /data/user/zgriffith/ShowerLLH/IT81-II_data/files/burn_sample/DataLLH_201301_00120756_00000022_00120756_00000023.hdf5
Merging /data/user/zgriffith/ShowerLLH/IT81-II_data/files/burn_sample/DataLLH_201301_00120756_00000056_00120756_00000057.hdf5
Merging /data/user/zgriffith/ShowerLLH/IT81-II_data/files/burn_sample/DataLLH_201301_00120756_00000058_00120756_00000059.hdf5
Merging /data/user/zgriffith/ShowerLLH/IT81-II_data/files/burn_sample/DataLLH_201301_00120756_00000060_00120756_00000061.hdf5
Merging /data/user/zgriffith/ShowerLLH/IT81-II_data/files/burn_sample/DataLLH_201301_00120756_00000062_00120756_00000063.hdf5
Merging /data/user/zgriffith/ShowerLLH/IT81-II_data/files/burn_sample/DataLLH_201301_00120756_00000208_00120756_00000209.hdf5
Merging /data/user/zgriffith/ShowerLLH/IT81-II_data/files/burn_sample/DataLLH_201301_00120756_00000210_00120756_00000211.hdf5
Merging /data/user/zgriffith/ShowerLLH/IT81-II_data/files/burn_sample/DataLLH_201301_00120756_00000212_00120756_00000213.hdf5
Merging /data/user/zgriffith/ShowerLLH/IT81-II_data/files/burn_sample/DataLLH_201301_00120756_00000214_00120756_00000215.hdf5
Merging /data/user/zgriffith/ShowerLLH/IT81-II_data/files/burn_sample/DataLLH_201301_00120789_00000000_00120789_00000001.hdf5
Merging /data/user/zgriffith/ShowerLLH/IT81-II_data/files/burn_sample/DataLLH_201301_00120789_00000002_00120789_00000003.hdf5
Merging /data/user/zgriffith/ShowerLLH/IT81-II_data/files/burn_sample/DataLLH_201301_00120789_00000004_00120789_00000005.hdf5
Merging /data/user/zgriffith/ShowerLLH/IT81-II_data/files/burn_sample/DataLLH_201301_00120789_00000006_00120789_00000007.hdf5
Merging /data/user/zgriffith/ShowerLLH/IT81-II_data/files/burn_sample/DataLLH_201301_00120789_00000216_00120789_00000217.hdf5
Merging /data/user/zgriffith/ShowerLLH/IT81-II_data/files/burn_sample/DataLLH_201301_00120789_00000218_00120789_00000219.hdf5
Merging /data/user/zgriffith/ShowerLLH/IT81-II_data/files/burn_sample/DataLLH_201301_00120789_00000220_00120789_00000221.hdf5
Merging /data/user/zgriffith/ShowerLLH/IT81-II_data/files/burn_sample/DataLLH_201301_00120789_00000222_00120789_00000223.hdf5
Merging /data/user/zgriffith/ShowerLLH/IT81-II_data/files/burn_sample/DataLLH_201301_00120789_00000248_00120789_00000249.hdf5
Merging /data/user/zgriffith/ShowerLLH/IT81-II_data/files/burn_sample/DataLLH_201301_00120789_00000250_00120789_00000251.hdf5
Merging /data/user/zgriffith/ShowerLLH/IT81-II_data/files/burn_sample/DataLLH_201301_00120789_00000252_00120789_00000253.hdf5
Merging /data/user/zgriffith/ShowerLLH/IT81-II_data/files/burn_sample/DataLLH_201301_00120789_00000254_00120789_00000255.hdf5
Merging /data/user/zgriffith/ShowerLLH/IT81-II_data/files/burn_sample/DataLLH_201301_00120789_00000280_00120789_00000281.hdf5
Merging /data/user/zgriffith/ShowerLLH/IT81-II_data/files/burn_sample/DataLLH_201301_00120789_00000282_00120789_00000283.hdf5
Merging /data/user/zgriffith/ShowerLLH/IT81-II_data/files/burn_sample/DataLLH_201301_00120789_00000284_00120789_00000285.hdf5
Merging /data/user/zgriffith/ShowerLLH/IT81-II_data/files/burn_sample/DataLLH_201301_00120789_00000286_00120789_00000287.hdf5
Merging /data/user/zgriffith/ShowerLLH/IT81-II_data/files/burn_sample/DataLLH_201301_00120811_00000024_00120811_00000025.hdf5
Merging /data/user/zgriffith/ShowerLLH/IT81-II_data/files/burn_sample/DataLLH_201301_00120811_00000026_00120811_00000027.hdf5
Merging /data/user/zgriffith/ShowerLLH/IT81-II_data/files/burn_sample/DataLLH_201301_00120811_00000028_00120811_00000029.hdf5
Merging /data/user/zgriffith/ShowerLLH/IT81-II_data/files/burn_sample/DataLLH_201301_00120811_00000030_00120811_00000031.hdf5
Merging /data/user/zgriffith/ShowerLLH/IT81-II_data/files/burn_sample/DataLLH_201301_00120811_00000032_00120811_00000033.hdf5
Merging /data/user/zgriffith/ShowerLLH/IT81-II_data/files/burn_sample/DataLLH_201301_00120811_00000034_00120811_00000035.hdf5
Merging /data/user/zgriffith/ShowerLLH/IT81-II_data/files/burn_sample/DataLLH_201301_00120811_00000036_00120811_00000037.hdf5
Merging /data/user/zgriffith/ShowerLLH/IT81-II_data/files/burn_sample/DataLLH_201301_00120811_00000038_00120811_00000039.hdf5
Merging /data/user/zgriffith/ShowerLLH/IT81-II_data/files/burn_sample/DataLLH_201301_00120811_00000040_00120811_00000041.hdf5
Merging /data/user/zgriffith/ShowerLLH/IT81-II_data/files/burn_sample/DataLLH_201301_00120811_00000042_00120811_00000043.hdf5
Merging /data/user/zgriffith/ShowerLLH/IT81-II_data/files/burn_sample/DataLLH_201301_00120811_00000044_00120811_00000045.hdf5
Merging /data/user/zgriffith/ShowerLLH/IT81-II_data/files/burn_sample/DataLLH_201301_00120811_00000046_00120811_00000047.hdf5
Merging /data/user/zgriffith/ShowerLLH/IT81-II_data/files/burn_sample/DataLLH_201301_00120811_00000232_00120811_00000233.hdf5
Merging /data/user/zgriffith/ShowerLLH/IT81-II_data/files/burn_sample/DataLLH_201301_00120811_00000234_00120811_00000235.hdf5
Merging /data/user/zgriffith/ShowerLLH/IT81-II_data/files/burn_sample/DataLLH_201301_00120811_00000236_00120811_00000237.hdf5
Merging /data/user/zgriffith/ShowerLLH/IT81-II_data/files/burn_sample/DataLLH_201301_00120811_00000238_00120811_00000239.hdf5
Merging /data/user/zgriffith/ShowerLLH/IT81-II_data/files/burn_sample/DataLLH_201301_00120811_00000256_00120811_00000257.hdf5
Merging /data/user/zgriffith/ShowerLLH/IT81-II_data/files/burn_sample/DataLLH_201301_00120811_00000258_00120811_00000259.hdf5
Merging /data/user/zgriffith/ShowerLLH/IT81-II_data/files/burn_sample/DataLLH_201301_00120811_00000260_00120811_00000261.hdf5
Merging /data/user/zgriffith/ShowerLLH/IT81-II_data/files/burn_sample/DataLLH_201301_00120811_00000262_00120811_00000263.hdf5
Merging /data/user/zgriffith/ShowerLLH/IT81-II_data/files/burn_sample/DataLLH_201301_00120844_00000123_00120844_00000124.hdf5
Merging /data/user/zgriffith/ShowerLLH/IT81-II_data/files/burn_sample/DataLLH_201301_00120844_00000125_00120844_00000126.hdf5
Merging /data/user/zgriffith/ShowerLLH/IT81-II_data/files/burn_sample/DataLLH_201301_00120844_00000127_00120844_00000128.hdf5
Merging /data/user/zgriffith/ShowerLLH/IT81-II_data/files/burn_sample/DataLLH_201301_00120844_00000129_00120844_00000130.hdf5
Merging /data/user/zgriffith/ShowerLLH/IT81-II_data/files/burn_sample/DataLLH_201301_00120844_00000235_00120844_00000236.hdf5
Merging /data/user/zgriffith/ShowerLLH/IT81-II_data/files/burn_sample/DataLLH_201301_00120844_00000237_00120844_00000238.hdf5
Merging /data/user/zgriffith/ShowerLLH/IT81-II_data/files/burn_sample/DataLLH_201301_00120844_00000239_00120844_00000240.hdf5
Merging /data/user/zgriffith/ShowerLLH/IT81-II_data/files/burn_sample/DataLLH_201301_00120844_00000241_00120844_00000242.hdf5
Merging /data/user/zgriffith/ShowerLLH/IT81-II_data/files/burn_sample/DataLLH_201301_00120844_00000283_00120844_00000284.hdf5
Merging /data/user/zgriffith/ShowerLLH/IT81-II_data/files/burn_sample/DataLLH_201301_00120844_00000285_00120844_00000286.hdf5
Merging /data/user/zgriffith/ShowerLLH/IT81-II_data/files/burn_sample/DataLLH_201301_00120844_00000287_00120844_00000288.hdf5
Merging /data/user/zgriffith/ShowerLLH/IT81-II_data/files/burn_sample/DataLLH_201301_00120844_00000289_00120844_00000290.hdf5
Merging /data/user/zgriffith/ShowerLLH/IT81-II_data/files/burn_sample/DataLLH_201301_00120844_00000291_00120844_00000292.hdf5
Merging /data/user/zgriffith/ShowerLLH/IT81-II_data/files/burn_sample/DataLLH_201301_00120844_00000293_00120844_00000294.hdf5
Merging /data/user/zgriffith/ShowerLLH/IT81-II_data/files/burn_sample/DataLLH_201301_00120844_00000295_00120844_00000296.hdf5
Merging /data/user/zgriffith/ShowerLLH/IT81-II_data/files/burn_sample/DataLLH_201301_00120844_00000297_00120844_00000298.hdf5
Merging /data/user/zgriffith/ShowerLLH/IT81-II_data/files/burn_sample/DataLLH_201301_00120865_00000099_00120865_00000100.hdf5
Merging /data/user/zgriffith/ShowerLLH/IT81-II_data/files/burn_sample/DataLLH_201301_00120865_00000101_00120865_00000102.hdf5
Merging /data/user/zgriffith/ShowerLLH/IT81-II_data/files/burn_sample/DataLLH_201301_00120865_00000103_00120865_00000104.hdf5
Merging /data/user/zgriffith/ShowerLLH/IT81-II_data/files/burn_sample/DataLLH_201301_00120865_00000105_00120865_00000106.hdf5
Merging /data/user/zgriffith/ShowerLLH/IT81-II_data/files/burn_sample/DataLLH_201301_00120865_00000283_00120865_00000284.hdf5
Merging /data/user/zgriffith/ShowerLLH/IT81-II_data/files/burn_sample/DataLLH_201301_00120865_00000285_00120865_00000286.hdf5
Merging /data/user/zgriffith/ShowerLLH/IT81-II_data/files/burn_sample/DataLLH_201301_00120865_00000287_00120865_00000288.hdf5
Merging /data/user/zgriffith/ShowerLLH/IT81-II_data/files/burn_sample/DataLLH_201301_00120865_00000289_00120865_00000290.hdf5
Merging /data/user/zgriffith/ShowerLLH/IT81-II_data/files/burn_sample/DataLLH_201301_00120886_00000112_00120886_00000113.hdf5
Merging /data/user/zgriffith/ShowerLLH/IT81-II_data/files/burn_sample/DataLLH_201301_00120886_00000114_00120886_00000115.hdf5
Merging /data/user/zgriffith/ShowerLLH/IT81-II_data/files/burn_sample/DataLLH_201301_00120886_00000116_00120886_00000117.hdf5
Merging /data/user/zgriffith/ShowerLLH/IT81-II_data/files/burn_sample/DataLLH_201301_00120886_00000118_00120886_00000119.hdf5
Merging /data/user/zgriffith/ShowerLLH/IT81-II_data/files/burn_sample/DataLLH_201301_00121037_00000289_00121037_00000290.hdf5
Merging /data/user/zgriffith/ShowerLLH/IT81-II_data/files/burn_sample/DataLLH_201301_00121037_00000291_00121037_00000292.hdf5
Merging /data/user/zgriffith/ShowerLLH/IT81-II_data/files/burn_sample/DataLLH_201301_00121037_00000293_00121037_00000294.hdf5
Merging /data/user/zgriffith/ShowerLLH/IT81-II_data/files/burn_sample/DataLLH_201301_00121037_00000295_00121037_00000296.hdf5
Merging /data/user/zgriffith/ShowerLLH/IT81-II_data/files/burn_sample/DataLLH_201301_00121146_00000121_00121146_00000122.hdf5
Merging /data/user/zgriffith/ShowerLLH/IT81-II_data/files/burn_sample/DataLLH_201301_00121146_00000123_00121146_00000124.hdf5
Merging /data/user/zgriffith/ShowerLLH/IT81-II_data/files/burn_sample/DataLLH_201301_00121146_00000125_00121146_00000126.hdf5
Merging /data/user/zgriffith/ShowerLLH/IT81-II_data/files/burn_sample/DataLLH_201301_00121146_00000127_00121146_00000128.hdf5
Merging /data/user/zgriffith/ShowerLLH/IT81-II_data/files/burn_sample/DataLLH_201301_00121146_00000313_00121146_00000314.hdf5
Merging /data/user/zgriffith/ShowerLLH/IT81-II_data/files/burn_sample/DataLLH_201301_00121146_00000315_00121146_00000316.hdf5
Merging /data/user/zgriffith/ShowerLLH/IT81-II_data/files/burn_sample/DataLLH_201301_00121146_00000317_00121146_00000318.hdf5
Merging /data/user/zgriffith/ShowerLLH/IT81-II_data/files/burn_sample/DataLLH_201301_00121146_00000319_00121146_00000320.hdf5
Merging /data/user/zgriffith/ShowerLLH/IT81-II_data/files/burn_sample/DataLLH_201301_00121239_00000008_00121239_00000009.hdf5
Merging /data/user/zgriffith/ShowerLLH/IT81-II_data/files/burn_sample/DataLLH_201301_00121239_00000010_00121239_00000011.hdf5
Merging /data/user/zgriffith/ShowerLLH/IT81-II_data/files/burn_sample/DataLLH_201301_00121239_00000012_00121239_00000013.hdf5
Merging /data/user/zgriffith/ShowerLLH/IT81-II_data/files/burn_sample/DataLLH_201301_00121239_00000014_00121239_00000015.hdf5
Merging /data/user/zgriffith/ShowerLLH/IT81-II_data/files/burn_sample/DataLLH_201301_00121239_00000224_00121239_00000225.hdf5
Merging /data/user/zgriffith/ShowerLLH/IT81-II_data/files/burn_sample/DataLLH_201301_00121239_00000226_00121239_00000227.hdf5
Merging /data/user/zgriffith/ShowerLLH/IT81-II_data/files/burn_sample/DataLLH_201301_00121239_00000228_00121239_00000229.hdf5
Merging /data/user/zgriffith/ShowerLLH/IT81-II_data/files/burn_sample/DataLLH_201301_00121239_00000230_00121239_00000231.hdf5
Merging /data/user/zgriffith/ShowerLLH/IT81-II_data/files/burn_sample/DataLLH_201301_00121507_00000000_00121507_00000000.hdf5
Merging /data/user/zgriffith/ShowerLLH/IT81-II_data/files/burn_sample/DataLLH_201301_00121507_00000000_00121507_00000009.hdf5
Merging /data/user/zgriffith/ShowerLLH/IT81-II_data/files/burn_sample/DataLLH_201301_00121507_00000010_00121507_00000019.hdf5
Merging /data/user/zgriffith/ShowerLLH/IT81-II_data/files/burn_sample/DataLLH_201301_00121507_00000020_00121507_00000029.hdf5
Merging /data/user/zgriffith/ShowerLLH/IT81-II_data/files/burn_sample/DataLLH_201301_00121507_00000030_00121507_00000039.hdf5
Merging /data/user/zgriffith/ShowerLLH/IT81-II_data/files/burn_sample/DataLLH_201301_00121507_00000040_00121507_00000049.hdf5
Merging /data/user/zgriffith/ShowerLLH/IT81-II_data/files/burn_sample/DataLLH_201301_00121507_00000050_00121507_00000059.hdf5
Merging /data/user/zgriffith/ShowerLLH/IT81-II_data/files/burn_sample/DataLLH_201301_00121507_00000060_00121507_00000069.hdf5
Merging /data/user/zgriffith/ShowerLLH/IT81-II_data/files/burn_sample/DataLLH_201301_00121507_00000070_00121507_00000079.hdf5
Merging /data/user/zgriffith/ShowerLLH/IT81-II_data/files/burn_sample/DataLLH_201301_00121507_00000080_00121507_00000089.hdf5
Merging /data/user/zgriffith/ShowerLLH/IT81-II_data/files/burn_sample/DataLLH_201301_00121507_00000090_00121507_00000099.hdf5
Merging /data/user/zgriffith/ShowerLLH/IT81-II_data/files/burn_sample/DataLLH_201301_00121507_00000100_00121507_00000109.hdf5
Merging /data/user/zgriffith/ShowerLLH/IT81-II_data/files/burn_sample/DataLLH_201301_00121507_00000110_00121507_00000119.hdf5
Merging /data/user/zgriffith/ShowerLLH/IT81-II_data/files/burn_sample/DataLLH_201301_00121507_00000120_00121507_00000129.hdf5
Merging /data/user/zgriffith/ShowerLLH/IT81-II_data/files/burn_sample/DataLLH_201301_00121507_00000130_00121507_00000139.hdf5
Merging /data/user/zgriffith/ShowerLLH/IT81-II_data/files/burn_sample/DataLLH_201301_00121507_00000140_00121507_00000149.hdf5
Merging /data/user/zgriffith/ShowerLLH/IT81-II_data/files/burn_sample/DataLLH_201301_00121507_00000150_00121507_00000159.hdf5
Merging /data/user/zgriffith/ShowerLLH/IT81-II_data/files/burn_sample/DataLLH_201301_00121507_00000160_00121507_00000169.hdf5
Merging /data/user/zgriffith/ShowerLLH/IT81-II_data/files/burn_sample/DataLLH_201301_00121507_00000170_00121507_00000179.hdf5
Merging /data/user/zgriffith/ShowerLLH/IT81-II_data/files/burn_sample/DataLLH_201301_00121507_00000180_00121507_00000189.hdf5
Merging /data/user/zgriffith/ShowerLLH/IT81-II_data/files/burn_sample/DataLLH_201301_00121507_00000190_00121507_00000199.hdf5
Merging /data/user/zgriffith/ShowerLLH/IT81-II_data/files/burn_sample/DataLLH_201301_00121507_00000200_00121507_00000209.hdf5
Merging /data/user/zgriffith/ShowerLLH/IT81-II_data/files/burn_sample/DataLLH_201301_00121507_00000210_00121507_00000219.hdf5
Merging /data/user/zgriffith/ShowerLLH/IT81-II_data/files/burn_sample/DataLLH_201301_00121507_00000220_00121507_00000229.hdf5
Merging /data/user/zgriffith/ShowerLLH/IT81-II_data/files/burn_sample/DataLLH_201301_00121507_00000230_00121507_00000239.hdf5
Merging /data/user/zgriffith/ShowerLLH/IT81-II_data/files/burn_sample/DataLLH_201301_00121507_00000240_00121507_00000249.hdf5
Merging /data/user/zgriffith/ShowerLLH/IT81-II_data/files/burn_sample/DataLLH_201301_00121507_00000250_00121507_00000259.hdf5
Merging /data/user/zgriffith/ShowerLLH/IT81-II_data/files/burn_sample/DataLLH_201301_00121507_00000260_00121507_00000269.hdf5
Merging /data/user/zgriffith/ShowerLLH/IT81-II_data/files/burn_sample/DataLLH_201301_00121507_00000270_00121507_00000279.hdf5
Merging /data/user/zgriffith/ShowerLLH/IT81-II_data/files/burn_sample/DataLLH_201301_00121507_00000280_00121507_00000289.hdf5
Merging /data/user/zgriffith/ShowerLLH/IT81-II_data/files/burn_sample/DataLLH_201301_00121507_00000290_00121507_00000299.hdf5
Merging /data/user/zgriffith/ShowerLLH/IT81-II_data/files/burn_sample/DataLLH_201301_00121507_00000300_00121507_00000309.hdf5
Merging /data/user/zgriffith/ShowerLLH/IT81-II_data/files/burn_sample/DataLLH_201301_00121507_00000310_00121507_00000319.hdf5
Merging /data/user/zgriffith/ShowerLLH/IT81-II_data/files/burn_sample/DataLLH_201301_00121507_00000320_00121507_00000329.hdf5
Merging /data/user/zgriffith/ShowerLLH/IT81-II_data/files/burn_sample/DataLLH_201301_00121507_00000330_00121507_00000339.hdf5
Merging /data/user/zgriffith/ShowerLLH/IT81-II_data/files/burn_sample/DataLLH_201301_00121507_00000340_00121507_00000349.hdf5
Merging /data/user/zgriffith/ShowerLLH/IT81-II_data/files/burn_sample/DataLLH_201301_00121507_00000350_00121507_00000359.hdf5
Merging /data/user/zgriffith/ShowerLLH/IT81-II_data/files/burn_sample/DataLLH_201301_00121507_00000360_00121507_00000369.hdf5
Merging /data/user/zgriffith/ShowerLLH/IT81-II_data/files/burn_sample/DataLLH_201301_00121507_00000370_00121507_00000379.hdf5
Merging /data/user/zgriffith/ShowerLLH/IT81-II_data/files/burn_sample/DataLLH_201301_00121507_00000380_00121507_00000389.hdf5
Merging /data/user/zgriffith/ShowerLLH/IT81-II_data/files/burn_sample/DataLLH_201301_00121507_00000390_00121507_00000399.hdf5
Merging /data/user/zgriffith/ShowerLLH/IT81-II_data/files/burn_sample/DataLLH_201301_00121507_00000400_00121507_00000409.hdf5
Merging /data/user/zgriffith/ShowerLLH/IT81-II_data/files/burn_sample/DataLLH_201301_00121507_00000410_00121567_00000006.hdf5
Merging /data/user/zgriffith/ShowerLLH/IT81-II_data/files/burn_sample/DataLLH_201301_00121567_00000007_00121567_00000016.hdf5
Merging /data/user/zgriffith/ShowerLLH/IT81-II_data/files/burn_sample/DataLLH_201301_00121567_00000017_00121567_00000026.hdf5
Merging /data/user/zgriffith/ShowerLLH/IT81-II_data/files/burn_sample/DataLLH_201301_00121567_00000027_00121567_00000036.hdf5
Merging /data/user/zgriffith/ShowerLLH/IT81-II_data/files/burn_sample/DataLLH_201301_00121567_00000037_00121567_00000046.hdf5
Merging /data/user/zgriffith/ShowerLLH/IT81-II_data/files/burn_sample/DataLLH_201301_00121567_00000047_00121604_00000007.hdf5
Merging /data/user/zgriffith/ShowerLLH/IT81-II_data/files/burn_sample/DataLLH_201301_00121604_00000008_00121661_00000008.hdf5
Merging /data/user/zgriffith/ShowerLLH/IT81-II_data/files/burn_sample/DataLLH_201301_00121661_00000009_00121661_00000018.hdf5
Merging /data/user/zgriffith/ShowerLLH/IT81-II_data/files/burn_sample/DataLLH_201301_00121661_00000019_00121661_00000028.hdf5
Merging /data/user/zgriffith/ShowerLLH/IT81-II_data/files/burn_sample/DataLLH_201301_00121661_00000029_00121661_00000038.hdf5
Merging /data/user/zgriffith/ShowerLLH/IT81-II_data/files/burn_sample/DataLLH_201301_00121661_00000039_00121687_00000001.hdf5
Merging /data/user/zgriffith/ShowerLLH/IT81-II_data/files/burn_sample/DataLLH_201301_00121687_00000002_00121687_00000011.hdf5
Merging /data/user/zgriffith/ShowerLLH/IT81-II_data/files/burn_sample/DataLLH_201301_00121687_00000012_00121687_00000021.hdf5
Merging /data/user/zgriffith/ShowerLLH/IT81-II_data/files/burn_sample/DataLLH_201301_00121687_00000022_00121687_00000031.hdf5
Merging /data/user/zgriffith/ShowerLLH/IT81-II_data/files/burn_sample/DataLLH_201301_00121687_00000032_00121687_00000041.hdf5
Merging /data/user/zgriffith/ShowerLLH/IT81-II_data/files/burn_sample/DataLLH_201301_00121687_00000042_00121718_00000000.hdf5
Merging /data/user/zgriffith/ShowerLLH/IT81-II_data/files/burn_sample/DataLLH_201301_00121718_00000001_00121718_00000010.hdf5
Merging /data/user/zgriffith/ShowerLLH/IT81-II_data/files/burn_sample/DataLLH_201301_00121718_00000011_00121718_00000020.hdf5
Merging /data/user/zgriffith/ShowerLLH/IT81-II_data/files/burn_sample/DataLLH_201301_00121718_00000021_00121718_00000030.hdf5
Merging /data/user/zgriffith/ShowerLLH/IT81-II_data/files/burn_sample/DataLLH_201301_00121718_00000031_00121718_00000040.hdf5
Merging /data/user/zgriffith/ShowerLLH/IT81-II_data/files/burn_sample/DataLLH_201301_00121718_00000041_00121718_00000050.hdf5
Merging /data/user/zgriffith/ShowerLLH/IT81-II_data/files/burn_sample/DataLLH_201301_00121718_00000051_00121718_00000060.hdf5
Merging /data/user/zgriffith/ShowerLLH/IT81-II_data/files/burn_sample/DataLLH_201301_00121718_00000061_00121718_00000070.hdf5
Merging /data/user/zgriffith/ShowerLLH/IT81-II_data/files/burn_sample/DataLLH_201301_00121718_00000071_00121718_00000080.hdf5
Merging /data/user/zgriffith/ShowerLLH/IT81-II_data/files/burn_sample/DataLLH_201301_00121718_00000081_00121718_00000090.hdf5
Merging /data/user/zgriffith/ShowerLLH/IT81-II_data/files/burn_sample/DataLLH_201301_00121718_00000091_00121718_00000100.hdf5
Merging /data/user/zgriffith/ShowerLLH/IT81-II_data/files/burn_sample/DataLLH_201301_00121718_00000101_00121718_00000110.hdf5
Merging /data/user/zgriffith/ShowerLLH/IT81-II_data/files/burn_sample/DataLLH_201301_00121718_00000111_00121718_00000120.hdf5
Merging /data/user/zgriffith/ShowerLLH/IT81-II_data/files/burn_sample/DataLLH_201301_00121718_00000121_00121718_00000130.hdf5
Merging /data/user/zgriffith/ShowerLLH/IT81-II_data/files/burn_sample/DataLLH_201301_00121718_00000131_00121718_00000140.hdf5
Merging /data/user/zgriffith/ShowerLLH/IT81-II_data/files/burn_sample/DataLLH_201301_00121718_00000141_00121718_00000150.hdf5
Merging /data/user/zgriffith/ShowerLLH/IT81-II_data/files/burn_sample/DataLLH_201301_00121718_00000151_00121718_00000160.hdf5
Merging /data/user/zgriffith/ShowerLLH/IT81-II_data/files/burn_sample/DataLLH_201301_00121718_00000161_00121718_00000170.hdf5
Merging /data/user/zgriffith/ShowerLLH/IT81-II_data/files/burn_sample/DataLLH_201301_00121718_00000171_00121718_00000180.hdf5
Merging /data/user/zgriffith/ShowerLLH/IT81-II_data/files/burn_sample/DataLLH_201301_00121718_00000181_00121718_00000190.hdf5
Merging /data/user/zgriffith/ShowerLLH/IT81-II_data/files/burn_sample/DataLLH_201301_00121718_00000191_00121718_00000200.hdf5
Merging /data/user/zgriffith/ShowerLLH/IT81-II_data/files/burn_sample/DataLLH_201301_00121718_00000201_00121718_00000210.hdf5
Merging /data/user/zgriffith/ShowerLLH/IT81-II_data/files/burn_sample/DataLLH_201301_00121718_00000211_00121718_00000220.hdf5
Merging /data/user/zgriffith/ShowerLLH/IT81-II_data/files/burn_sample/DataLLH_201301_00121718_00000221_00121718_00000230.hdf5
Merging /data/user/zgriffith/ShowerLLH/IT81-II_data/files/burn_sample/DataLLH_201301_00121718_00000231_00121718_00000240.hdf5
Merging /data/user/zgriffith/ShowerLLH/IT81-II_data/files/burn_sample/DataLLH_201301_00121718_00000241_00121718_00000250.hdf5
Merging /data/user/zgriffith/ShowerLLH/IT81-II_data/files/burn_sample/DataLLH_201301_00121718_00000251_00121718_00000260.hdf5
Merging /data/user/zgriffith/ShowerLLH/IT81-II_data/files/burn_sample/DataLLH_201301_00121718_00000261_00121718_00000270.hdf5
Merging /data/user/zgriffith/ShowerLLH/IT81-II_data/files/burn_sample/DataLLH_201301_00121718_00000271_00121718_00000280.hdf5
Merging /data/user/zgriffith/ShowerLLH/IT81-II_data/files/burn_sample/DataLLH_201301_00121718_00000281_00121718_00000290.hdf5
Merging /data/user/zgriffith/ShowerLLH/IT81-II_data/files/burn_sample/DataLLH_201301_00121718_00000291_00121718_00000300.hdf5
Merging /data/user/zgriffith/ShowerLLH/IT81-II_data/files/burn_sample/DataLLH_201301_00121718_00000301_00121718_00000310.hdf5
Merging /data/user/zgriffith/ShowerLLH/IT81-II_data/files/burn_sample/DataLLH_201301_00121718_00000311_00121718_00000320.hdf5
Merging /data/user/zgriffith/ShowerLLH/IT81-II_data/files/burn_sample/DataLLH_201301_00121718_00000321_00121718_00000330.hdf5
Merging /data/user/zgriffith/ShowerLLH/IT81-II_data/files/burn_sample/DataLLH_201301_00121718_00000331_00121718_00000340.hdf5
Merging /data/user/zgriffith/ShowerLLH/IT81-II_data/files/burn_sample/DataLLH_201301_00121718_00000341_00121718_00000350.hdf5
Merging /data/user/zgriffith/ShowerLLH/IT81-II_data/files/burn_sample/DataLLH_201301_00121718_00000351_00121718_00000360.hdf5
Merging /data/user/zgriffith/ShowerLLH/IT81-II_data/files/burn_sample/DataLLH_201301_00121718_00000361_00121718_00000370.hdf5
Merging /data/user/zgriffith/ShowerLLH/IT81-II_data/files/burn_sample/DataLLH_201301_00121718_00000371_00121718_00000380.hdf5
Merging /data/user/zgriffith/ShowerLLH/IT81-II_data/files/burn_sample/DataLLH_201301_00121718_00000381_00121718_00000390.hdf5
Merging /data/user/zgriffith/ShowerLLH/IT81-II_data/files/burn_sample/DataLLH_201301_00121718_00000391_00121718_00000400.hdf5
Merging /data/user/zgriffith/ShowerLLH/IT81-II_data/files/burn_sample/DataLLH_201301_00121767_00000000_00121767_00000009.hdf5
Merging /data/user/zgriffith/ShowerLLH/IT81-II_data/files/burn_sample/DataLLH_201301_00121767_00000010_00121767_00000019.hdf5
Merging /data/user/zgriffith/ShowerLLH/IT81-II_data/files/burn_sample/DataLLH_201301_00121767_00000020_00121767_00000029.hdf5
Merging /data/user/zgriffith/ShowerLLH/IT81-II_data/files/burn_sample/DataLLH_201301_00121767_00000030_00121767_00000039.hdf5
Merging /data/user/zgriffith/ShowerLLH/IT81-II_data/files/burn_sample/DataLLH_201301_00121767_00000040_00121767_00000049.hdf5
Merging /data/user/zgriffith/ShowerLLH/IT81-II_data/files/burn_sample/DataLLH_201301_00121767_00000050_00121767_00000059.hdf5
Merging /data/user/zgriffith/ShowerLLH/IT81-II_data/files/burn_sample/DataLLH_201301_00121767_00000060_00121767_00000069.hdf5
Merging /data/user/zgriffith/ShowerLLH/IT81-II_data/files/burn_sample/DataLLH_201301_00121767_00000070_00121767_00000079.hdf5
Merging /data/user/zgriffith/ShowerLLH/IT81-II_data/files/burn_sample/DataLLH_201301_00121767_00000080_00121767_00000089.hdf5
Merging /data/user/zgriffith/ShowerLLH/IT81-II_data/files/burn_sample/DataLLH_201301_00121767_00000090_00121767_00000099.hdf5
Merging /data/user/zgriffith/ShowerLLH/IT81-II_data/files/burn_sample/DataLLH_201301_00121767_00000100_00121767_00000109.hdf5
Merging /data/user/zgriffith/ShowerLLH/IT81-II_data/files/burn_sample/DataLLH_201301_00121767_00000110_00121767_00000119.hdf5
Merging /data/user/zgriffith/ShowerLLH/IT81-II_data/files/burn_sample/DataLLH_201301_00121767_00000120_00121767_00000121.hdf5
Merging /data/user/zgriffith/ShowerLLH/IT81-II_data/files/burn_sample/DataLLH_201301_00121767_00000120_00121767_00000129.hdf5
Merging /data/user/zgriffith/ShowerLLH/IT81-II_data/files/burn_sample/DataLLH_201301_00121767_00000122_00121767_00000123.hdf5
Merging /data/user/zgriffith/ShowerLLH/IT81-II_data/files/burn_sample/DataLLH_201301_00121767_00000124_00121767_00000125.hdf5
Merging /data/user/zgriffith/ShowerLLH/IT81-II_data/files/burn_sample/DataLLH_201301_00121767_00000126_00121767_00000127.hdf5
Merging /data/user/zgriffith/ShowerLLH/IT81-II_data/files/burn_sample/DataLLH_201301_00121767_00000128_00121767_00000129.hdf5
Merging /data/user/zgriffith/ShowerLLH/IT81-II_data/files/burn_sample/DataLLH_201301_00121767_00000130_00121767_00000139.hdf5
Merging /data/user/zgriffith/ShowerLLH/IT81-II_data/files/burn_sample/DataLLH_201301_00121767_00000140_00121767_00000149.hdf5
Merging /data/user/zgriffith/ShowerLLH/IT81-II_data/files/burn_sample/DataLLH_201301_00121767_00000150_00121767_00000159.hdf5
Merging /data/user/zgriffith/ShowerLLH/IT81-II_data/files/burn_sample/DataLLH_201301_00121767_00000160_00121767_00000169.hdf5
Merging /data/user/zgriffith/ShowerLLH/IT81-II_data/files/burn_sample/DataLLH_201301_00121767_00000170_00121767_00000179.hdf5
Merging /data/user/zgriffith/ShowerLLH/IT81-II_data/files/burn_sample/DataLLH_201301_00121767_00000180_00121767_00000189.hdf5
Merging /data/user/zgriffith/ShowerLLH/IT81-II_data/files/burn_sample/DataLLH_201301_00121767_00000190_00121767_00000199.hdf5
Merging /data/user/zgriffith/ShowerLLH/IT81-II_data/files/burn_sample/DataLLH_201301_00121767_00000200_00121767_00000209.hdf5
Merging /data/user/zgriffith/ShowerLLH/IT81-II_data/files/burn_sample/DataLLH_201301_00121767_00000210_00121767_00000219.hdf5
Merging /data/user/zgriffith/ShowerLLH/IT81-II_data/files/burn_sample/DataLLH_201301_00121767_00000220_00121767_00000229.hdf5
Merging /data/user/zgriffith/ShowerLLH/IT81-II_data/files/burn_sample/DataLLH_201301_00121767_00000230_00121767_00000239.hdf5
Merging /data/user/zgriffith/ShowerLLH/IT81-II_data/files/burn_sample/DataLLH_201301_00121767_00000240_00121767_00000249.hdf5
Merging /data/user/zgriffith/ShowerLLH/IT81-II_data/files/burn_sample/DataLLH_201301_00121767_00000250_00121767_00000259.hdf5
Merging /data/user/zgriffith/ShowerLLH/IT81-II_data/files/burn_sample/DataLLH_201301_00121767_00000260_00121767_00000269.hdf5
Merging /data/user/zgriffith/ShowerLLH/IT81-II_data/files/burn_sample/DataLLH_201301_00121767_00000270_00121767_00000279.hdf5
Merging /data/user/zgriffith/ShowerLLH/IT81-II_data/files/burn_sample/DataLLH_201301_00121767_00000280_00121767_00000289.hdf5
Merging /data/user/zgriffith/ShowerLLH/IT81-II_data/files/burn_sample/DataLLH_201301_00121767_00000290_00121767_00000299.hdf5
Merging /data/user/zgriffith/ShowerLLH/IT81-II_data/files/burn_sample/DataLLH_201301_00121767_00000300_00121767_00000309.hdf5
Merging /data/user/zgriffith/ShowerLLH/IT81-II_data/files/burn_sample/DataLLH_201301_00121767_00000310_00121767_00000319.hdf5
Merging /data/user/zgriffith/ShowerLLH/IT81-II_data/files/burn_sample/DataLLH_201301_00121767_00000320_00121767_00000329.hdf5
Merging /data/user/zgriffith/ShowerLLH/IT81-II_data/files/burn_sample/DataLLH_201301_00121767_00000330_00121767_00000339.hdf5
Merging /data/user/zgriffith/ShowerLLH/IT81-II_data/files/burn_sample/DataLLH_201301_00121767_00000340_00121767_00000349.hdf5
Merging /data/user/zgriffith/ShowerLLH/IT81-II_data/files/burn_sample/DataLLH_201301_00121767_00000350_00121767_00000359.hdf5
Merging /data/user/zgriffith/ShowerLLH/IT81-II_data/files/burn_sample/DataLLH_201301_00121767_00000360_00121767_00000369.hdf5
Merging /data/user/zgriffith/ShowerLLH/IT81-II_data/files/burn_sample/DataLLH_201301_00121767_00000370_00121767_00000379.hdf5
Merging /data/user/zgriffith/ShowerLLH/IT81-II_data/files/burn_sample/DataLLH_201301_00121767_00000380_00121767_00000389.hdf5
Merging /data/user/zgriffith/ShowerLLH/IT81-II_data/files/burn_sample/DataLLH_201301_00121767_00000390_00121767_00000393.hdf5
Merging /data/user/zgriffith/ShowerLLH/IT81-II_data/files/burn_sample/DataLLH_201301_00121790_00000000_00121790_00000001.hdf5
Merging /data/user/zgriffith/ShowerLLH/IT81-II_data/files/burn_sample/DataLLH_201301_00121790_00000002_00121790_00000003.hdf5
Merging /data/user/zgriffith/ShowerLLH/IT81-II_data/files/burn_sample/DataLLH_201301_00121790_00000004_00121790_00000005.hdf5
Merging /data/user/zgriffith/ShowerLLH/IT81-II_data/files/burn_sample/DataLLH_201301_00121790_00000006_00121790_00000007.hdf5
Merging /data/user/zgriffith/ShowerLLH/IT81-II_data/files/burn_sample/DataLLH_201301_00121790_00000064_00121790_00000065.hdf5
Merging /data/user/zgriffith/ShowerLLH/IT81-II_data/files/burn_sample/DataLLH_201301_00121790_00000066_00121790_00000067.hdf5
Merging /data/user/zgriffith/ShowerLLH/IT81-II_data/files/burn_sample/DataLLH_201301_00121790_00000068_00121790_00000069.hdf5
Merging /data/user/zgriffith/ShowerLLH/IT81-II_data/files/burn_sample/DataLLH_201301_00121790_00000070_00121790_00000071.hdf5
Merging /data/user/zgriffith/ShowerLLH/IT81-II_data/files/burn_sample/DataLLH_201301_00121790_00000072_00121790_00000073.hdf5
Merging /data/user/zgriffith/ShowerLLH/IT81-II_data/files/burn_sample/DataLLH_201301_00121790_00000074_00121790_00000075.hdf5
Merging /data/user/zgriffith/ShowerLLH/IT81-II_data/files/burn_sample/DataLLH_201301_00121790_00000076_00121790_00000077.hdf5
Merging /data/user/zgriffith/ShowerLLH/IT81-II_data/files/burn_sample/DataLLH_201301_00121790_00000078_00121790_00000079.hdf5
Merging /data/user/zgriffith/ShowerLLH/IT81-II_data/files/burn_sample/DataLLH_201301_00121790_00000088_00121790_00000089.hdf5
Merging /data/user/zgriffith/ShowerLLH/IT81-II_data/files/burn_sample/DataLLH_201301_00121790_00000090_00121790_00000091.hdf5
Merging /data/user/zgriffith/ShowerLLH/IT81-II_data/files/burn_sample/DataLLH_201301_00121790_00000092_00121790_00000093.hdf5
Merging /data/user/zgriffith/ShowerLLH/IT81-II_data/files/burn_sample/DataLLH_201301_00121790_00000094_00121790_00000095.hdf5
Merging /data/user/zgriffith/ShowerLLH/IT81-II_data/files/burn_sample/DataLLH_201301_00121790_00000240_00121790_00000241.hdf5
Merging /data/user/zgriffith/ShowerLLH/IT81-II_data/files/burn_sample/DataLLH_201301_00121790_00000242_00121790_00000243.hdf5
Merging /data/user/zgriffith/ShowerLLH/IT81-II_data/files/burn_sample/DataLLH_201301_00121790_00000244_00121790_00000245.hdf5
Merging /data/user/zgriffith/ShowerLLH/IT81-II_data/files/burn_sample/DataLLH_201301_00121790_00000246_00121790_00000247.hdf5
Merging /data/user/zgriffith/ShowerLLH/IT81-II_data/files/burn_sample/DataLLH_201301_00121790_00000304_00121790_00000305.hdf5
Merging /data/user/zgriffith/ShowerLLH/IT81-II_data/files/burn_sample/DataLLH_201301_00121790_00000306_00121790_00000307.hdf5
Merging /data/user/zgriffith/ShowerLLH/IT81-II_data/files/burn_sample/DataLLH_201301_00121790_00000308_00121790_00000309.hdf5
Merging /data/user/zgriffith/ShowerLLH/IT81-II_data/files/burn_sample/DataLLH_201301_00121790_00000310_00121790_00000311.hdf5
Merging /data/user/zgriffith/ShowerLLH/IT81-II_data/files/burn_sample/DataLLH_201301_00121790_00000336_00121790_00000337.hdf5
Merging /data/user/zgriffith/ShowerLLH/IT81-II_data/files/burn_sample/DataLLH_201301_00121790_00000338_00121790_00000339.hdf5
Merging /data/user/zgriffith/ShowerLLH/IT81-II_data/files/burn_sample/DataLLH_201301_00121790_00000340_00121790_00000341.hdf5
Merging /data/user/zgriffith/ShowerLLH/IT81-II_data/files/burn_sample/DataLLH_201301_00121790_00000342_00121790_00000343.hdf5
Merging /data/user/zgriffith/ShowerLLH/IT81-II_data/files/burn_sample/DataLLH_201301_00121790_00000344_00121790_00000345.hdf5
Merging /data/user/zgriffith/ShowerLLH/IT81-II_data/files/burn_sample/DataLLH_201301_00121790_00000346_00121790_00000347.hdf5
Merging /data/user/zgriffith/ShowerLLH/IT81-II_data/files/burn_sample/DataLLH_201301_00121790_00000348_00121790_00000349.hdf5
Merging /data/user/zgriffith/ShowerLLH/IT81-II_data/files/burn_sample/DataLLH_201301_00121790_00000350_00121790_00000351.hdf5
Merging /data/user/zgriffith/ShowerLLH/IT81-II_data/files/burn_sample/DataLLH_201301_00121790_00000368_00121790_00000369.hdf5
Merging /data/user/zgriffith/ShowerLLH/IT81-II_data/files/burn_sample/DataLLH_201301_00121790_00000370_00121790_00000371.hdf5
Merging /data/user/zgriffith/ShowerLLH/IT81-II_data/files/burn_sample/DataLLH_201301_00121790_00000372_00121790_00000373.hdf5
Merging /data/user/zgriffith/ShowerLLH/IT81-II_data/files/burn_sample/DataLLH_201301_00121790_00000374_00121790_00000375.hdf5
Merging /data/user/zgriffith/ShowerLLH/IT81-II_data/files/burn_sample/DataLLH_201301_00121880_00000010_00121880_00000011.hdf5
Merging /data/user/zgriffith/ShowerLLH/IT81-II_data/files/burn_sample/DataLLH_201301_00121880_00000012_00121880_00000013.hdf5
Merging /data/user/zgriffith/ShowerLLH/IT81-II_data/files/burn_sample/DataLLH_201301_00121880_00000014_00121880_00000015.hdf5
Merging /data/user/zgriffith/ShowerLLH/IT81-II_data/files/burn_sample/DataLLH_201301_00121880_00000016_00121880_00000017.hdf5
Merging /data/user/zgriffith/ShowerLLH/IT81-II_data/files/burn_sample/DataLLH_201301_00121880_00000026_00121880_00000027.hdf5
Merging /data/user/zgriffith/ShowerLLH/IT81-II_data/files/burn_sample/DataLLH_201301_00121880_00000028_00121880_00000029.hdf5
Merging /data/user/zgriffith/ShowerLLH/IT81-II_data/files/burn_sample/DataLLH_201301_00121880_00000030_00121880_00000031.hdf5
Merging /data/user/zgriffith/ShowerLLH/IT81-II_data/files/burn_sample/DataLLH_201301_00121880_00000032_00121880_00000033.hdf5
Merging /data/user/zgriffith/ShowerLLH/IT81-II_data/files/burn_sample/DataLLH_201301_00121880_00000050_00121880_00000051.hdf5
Merging /data/user/zgriffith/ShowerLLH/IT81-II_data/files/burn_sample/DataLLH_201301_00121880_00000052_00121880_00000053.hdf5
Merging /data/user/zgriffith/ShowerLLH/IT81-II_data/files/burn_sample/DataLLH_201301_00121880_00000054_00121880_00000055.hdf5
Merging /data/user/zgriffith/ShowerLLH/IT81-II_data/files/burn_sample/DataLLH_201301_00121880_00000056_00121880_00000057.hdf5
Merging /data/user/zgriffith/ShowerLLH/IT81-II_data/files/burn_sample/DataLLH_201301_00121880_00000082_00121880_00000083.hdf5
Merging /data/user/zgriffith/ShowerLLH/IT81-II_data/files/burn_sample/DataLLH_201301_00121880_00000084_00121880_00000085.hdf5
Merging /data/user/zgriffith/ShowerLLH/IT81-II_data/files/burn_sample/DataLLH_201301_00121880_00000086_00121880_00000087.hdf5
Merging /data/user/zgriffith/ShowerLLH/IT81-II_data/files/burn_sample/DataLLH_201301_00121880_00000088_00121880_00000089.hdf5
Merging /data/user/zgriffith/ShowerLLH/IT81-II_data/files/burn_sample/DataLLH_201301_00121880_00000154_00121880_00000155.hdf5
Merging /data/user/zgriffith/ShowerLLH/IT81-II_data/files/burn_sample/DataLLH_201301_00121880_00000156_00121880_00000157.hdf5
Merging /data/user/zgriffith/ShowerLLH/IT81-II_data/files/burn_sample/DataLLH_201301_00121880_00000158_00121880_00000159.hdf5
Merging /data/user/zgriffith/ShowerLLH/IT81-II_data/files/burn_sample/DataLLH_201301_00121880_00000160_00121880_00000161.hdf5
Merging /data/user/zgriffith/ShowerLLH/IT81-II_data/files/burn_sample/DataLLH_201301_00121880_00000170_00121880_00000171.hdf5
Merging /data/user/zgriffith/ShowerLLH/IT81-II_data/files/burn_sample/DataLLH_201301_00121880_00000172_00121880_00000173.hdf5
Merging /data/user/zgriffith/ShowerLLH/IT81-II_data/files/burn_sample/DataLLH_201301_00121880_00000174_00121880_00000175.hdf5
Merging /data/user/zgriffith/ShowerLLH/IT81-II_data/files/burn_sample/DataLLH_201301_00121880_00000176_00121880_00000177.hdf5
Merging /data/user/zgriffith/ShowerLLH/IT81-II_data/files/burn_sample/DataLLH_201301_00121880_00000234_00121880_00000235.hdf5
Merging /data/user/zgriffith/ShowerLLH/IT81-II_data/files/burn_sample/DataLLH_201301_00121880_00000236_00121880_00000237.hdf5
Merging /data/user/zgriffith/ShowerLLH/IT81-II_data/files/burn_sample/DataLLH_201301_00121880_00000238_00121880_00000239.hdf5
Merging /data/user/zgriffith/ShowerLLH/IT81-II_data/files/burn_sample/DataLLH_201301_00121880_00000240_00121880_00000241.hdf5
Merging /data/user/zgriffith/ShowerLLH/IT81-II_data/files/burn_sample/DataLLH_201301_00121880_00000274_00121880_00000275.hdf5
Merging /data/user/zgriffith/ShowerLLH/IT81-II_data/files/burn_sample/DataLLH_201301_00121880_00000276_00121880_00000277.hdf5
Merging /data/user/zgriffith/ShowerLLH/IT81-II_data/files/burn_sample/DataLLH_201301_00121880_00000278_00121880_00000279.hdf5
Merging /data/user/zgriffith/ShowerLLH/IT81-II_data/files/burn_sample/DataLLH_201301_00121880_00000280_00121880_00000281.hdf5
Merging /data/user/zgriffith/ShowerLLH/IT81-II_data/files/burn_sample/DataLLH_201301_00121914_00000003_00121914_00000004.hdf5
Merging /data/user/zgriffith/ShowerLLH/IT81-II_data/files/burn_sample/DataLLH_201301_00121914_00000005_00121914_00000006.hdf5
Merging /data/user/zgriffith/ShowerLLH/IT81-II_data/files/burn_sample/DataLLH_201301_00121914_00000007_00121914_00000008.hdf5
Merging /data/user/zgriffith/ShowerLLH/IT81-II_data/files/burn_sample/DataLLH_201301_00121914_00000009_00121914_00000010.hdf5
Merging /data/user/zgriffith/ShowerLLH/IT81-II_data/files/burn_sample/DataLLH_201301_00121914_00000075_00121914_00000076.hdf5
Merging /data/user/zgriffith/ShowerLLH/IT81-II_data/files/burn_sample/DataLLH_201301_00121914_00000077_00121914_00000078.hdf5
Merging /data/user/zgriffith/ShowerLLH/IT81-II_data/files/burn_sample/DataLLH_201301_00121914_00000079_00121914_00000080.hdf5
Merging /data/user/zgriffith/ShowerLLH/IT81-II_data/files/burn_sample/DataLLH_201301_00121914_00000081_00121914_00000082.hdf5
Merging /data/user/zgriffith/ShowerLLH/IT81-II_data/files/burn_sample/DataLLH_201301_00121914_00000163_00121914_00000164.hdf5
Merging /data/user/zgriffith/ShowerLLH/IT81-II_data/files/burn_sample/DataLLH_201301_00121914_00000165_00121914_00000166.hdf5
Merging /data/user/zgriffith/ShowerLLH/IT81-II_data/files/burn_sample/DataLLH_201301_00121914_00000167_00121914_00000168.hdf5
Merging /data/user/zgriffith/ShowerLLH/IT81-II_data/files/burn_sample/DataLLH_201301_00121914_00000169_00121914_00000170.hdf5
Merging /data/user/zgriffith/ShowerLLH/IT81-II_data/files/burn_sample/DataLLH_201301_00121914_00000195_00121914_00000196.hdf5
Merging /data/user/zgriffith/ShowerLLH/IT81-II_data/files/burn_sample/DataLLH_201301_00121914_00000197_00121914_00000198.hdf5
Merging /data/user/zgriffith/ShowerLLH/IT81-II_data/files/burn_sample/DataLLH_201301_00121914_00000199_00121914_00000200.hdf5
Merging /data/user/zgriffith/ShowerLLH/IT81-II_data/files/burn_sample/DataLLH_201301_00121914_00000201_00121914_00000202.hdf5
Merging /data/user/zgriffith/ShowerLLH/IT81-II_data/files/burn_sample/DataLLH_201301_00121914_00000235_00121914_00000236.hdf5
Merging /data/user/zgriffith/ShowerLLH/IT81-II_data/files/burn_sample/DataLLH_201301_00121914_00000237_00121914_00000238.hdf5
Merging /data/user/zgriffith/ShowerLLH/IT81-II_data/files/burn_sample/DataLLH_201301_00121914_00000239_00121914_00000240.hdf5
Merging /data/user/zgriffith/ShowerLLH/IT81-II_data/files/burn_sample/DataLLH_201301_00121914_00000241_00121914_00000242.hdf5
Merging /data/user/zgriffith/ShowerLLH/IT81-II_data/files/burn_sample/DataLLH_201301_00121914_00000347_00121914_00000348.hdf5
Merging /data/user/zgriffith/ShowerLLH/IT81-II_data/files/burn_sample/DataLLH_201301_00121914_00000349_00121914_00000350.hdf5
Merging /data/user/zgriffith/ShowerLLH/IT81-II_data/files/burn_sample/DataLLH_201301_00121914_00000351_00121914_00000352.hdf5
Merging /data/user/zgriffith/ShowerLLH/IT81-II_data/files/burn_sample/DataLLH_201301_00121914_00000353_00121914_00000354.hdf5
Merging /data/user/zgriffith/ShowerLLH/IT81-II_data/files/burn_sample/DataLLH_201301_00121914_00000355_00121914_00000356.hdf5
Merging /data/user/zgriffith/ShowerLLH/IT81-II_data/files/burn_sample/DataLLH_201301_00121914_00000357_00121914_00000358.hdf5
Merging /data/user/zgriffith/ShowerLLH/IT81-II_data/files/burn_sample/DataLLH_201301_00121914_00000359_00121914_00000360.hdf5
Merging /data/user/zgriffith/ShowerLLH/IT81-II_data/files/burn_sample/DataLLH_201301_00121914_00000361_00121914_00000362.hdf5
Merging /data/user/zgriffith/ShowerLLH/IT81-II_data/files/burn_sample/DataLLH_201301_00121936_00000001_00121936_00000002.hdf5
Merging /data/user/zgriffith/ShowerLLH/IT81-II_data/files/burn_sample/DataLLH_201301_00121936_00000003_00121936_00000004.hdf5
Merging /data/user/zgriffith/ShowerLLH/IT81-II_data/files/burn_sample/DataLLH_201301_00121936_00000005_00121936_00000006.hdf5
Merging /data/user/zgriffith/ShowerLLH/IT81-II_data/files/burn_sample/DataLLH_201301_00121936_00000007_00121936_00000008.hdf5
Merging /data/user/zgriffith/ShowerLLH/IT81-II_data/files/burn_sample/DataLLH_201301_00121936_00000049_00121936_00000050.hdf5
Merging /data/user/zgriffith/ShowerLLH/IT81-II_data/files/burn_sample/DataLLH_201301_00121936_00000051_00121936_00000052.hdf5
Merging /data/user/zgriffith/ShowerLLH/IT81-II_data/files/burn_sample/DataLLH_201301_00121936_00000053_00121936_00000054.hdf5
Merging /data/user/zgriffith/ShowerLLH/IT81-II_data/files/burn_sample/DataLLH_201301_00121936_00000055_00121936_00000056.hdf5
Merging /data/user/zgriffith/ShowerLLH/IT81-II_data/files/burn_sample/DataLLH_201301_00121936_00000089_00121936_00000090.hdf5
Merging /data/user/zgriffith/ShowerLLH/IT81-II_data/files/burn_sample/DataLLH_201301_00121936_00000091_00121936_00000092.hdf5
Merging /data/user/zgriffith/ShowerLLH/IT81-II_data/files/burn_sample/DataLLH_201301_00121936_00000093_00121936_00000094.hdf5
Merging /data/user/zgriffith/ShowerLLH/IT81-II_data/files/burn_sample/DataLLH_201301_00121936_00000095_00121936_00000096.hdf5
Merging /data/user/zgriffith/ShowerLLH/IT81-II_data/files/burn_sample/DataLLH_201301_00121936_00000105_00121936_00000106.hdf5
Merging /data/user/zgriffith/ShowerLLH/IT81-II_data/files/burn_sample/DataLLH_201301_00121936_00000107_00121936_00000108.hdf5
Merging /data/user/zgriffith/ShowerLLH/IT81-II_data/files/burn_sample/DataLLH_201301_00121936_00000109_00121936_00000110.hdf5
Merging /data/user/zgriffith/ShowerLLH/IT81-II_data/files/burn_sample/DataLLH_201301_00121936_00000111_00121936_00000112.hdf5
Merging /data/user/zgriffith/ShowerLLH/IT81-II_data/files/burn_sample/DataLLH_201301_00121936_00000129_00121936_00000130.hdf5
Merging /data/user/zgriffith/ShowerLLH/IT81-II_data/files/burn_sample/DataLLH_201301_00121936_00000131_00121936_00000132.hdf5
Merging /data/user/zgriffith/ShowerLLH/IT81-II_data/files/burn_sample/DataLLH_201301_00121936_00000133_00121936_00000134.hdf5
Merging /data/user/zgriffith/ShowerLLH/IT81-II_data/files/burn_sample/DataLLH_201301_00121936_00000135_00121936_00000136.hdf5
Merging /data/user/zgriffith/ShowerLLH/IT81-II_data/files/burn_sample/DataLLH_201301_00121936_00000137_00121936_00000138.hdf5
Merging /data/user/zgriffith/ShowerLLH/IT81-II_data/files/burn_sample/DataLLH_201301_00121936_00000139_00121936_00000140.hdf5
Merging /data/user/zgriffith/ShowerLLH/IT81-II_data/files/burn_sample/DataLLH_201301_00121936_00000141_00121936_00000142.hdf5
Merging /data/user/zgriffith/ShowerLLH/IT81-II_data/files/burn_sample/DataLLH_201301_00121936_00000143_00121936_00000144.hdf5
Merging /data/user/zgriffith/ShowerLLH/IT81-II_data/files/burn_sample/DataLLH_201301_00121936_00000153_00121936_00000154.hdf5
Merging /data/user/zgriffith/ShowerLLH/IT81-II_data/files/burn_sample/DataLLH_201301_00121936_00000155_00121936_00000156.hdf5
Merging /data/user/zgriffith/ShowerLLH/IT81-II_data/files/burn_sample/DataLLH_201301_00121936_00000157_00121936_00000158.hdf5
Merging /data/user/zgriffith/ShowerLLH/IT81-II_data/files/burn_sample/DataLLH_201301_00121936_00000159_00121936_00000160.hdf5
Merging /data/user/zgriffith/ShowerLLH/IT81-II_data/files/burn_sample/DataLLH_201301_00121936_00000161_00121936_00000162.hdf5
Merging /data/user/zgriffith/ShowerLLH/IT81-II_data/files/burn_sample/DataLLH_201301_00121936_00000163_00121936_00000164.hdf5
Merging /data/user/zgriffith/ShowerLLH/IT81-II_data/files/burn_sample/DataLLH_201301_00121936_00000165_00121936_00000166.hdf5
Merging /data/user/zgriffith/ShowerLLH/IT81-II_data/files/burn_sample/DataLLH_201301_00121936_00000167_00121936_00000168.hdf5
Merging /data/user/zgriffith/ShowerLLH/IT81-II_data/files/burn_sample/DataLLH_201301_00121936_00000217_00121936_00000218.hdf5
Merging /data/user/zgriffith/ShowerLLH/IT81-II_data/files/burn_sample/DataLLH_201301_00121936_00000219_00121936_00000220.hdf5
Merging /data/user/zgriffith/ShowerLLH/IT81-II_data/files/burn_sample/DataLLH_201301_00121936_00000221_00121936_00000222.hdf5
Merging /data/user/zgriffith/ShowerLLH/IT81-II_data/files/burn_sample/DataLLH_201301_00121936_00000223_00121936_00000224.hdf5
Merging /data/user/zgriffith/ShowerLLH/IT81-II_data/files/burn_sample/DataLLH_201301_00121936_00000361_00121936_00000362.hdf5
Merging /data/user/zgriffith/ShowerLLH/IT81-II_data/files/burn_sample/DataLLH_201301_00121936_00000363_00121936_00000364.hdf5
Merging /data/user/zgriffith/ShowerLLH/IT81-II_data/files/burn_sample/DataLLH_201301_00121936_00000365_00121936_00000366.hdf5
Merging /data/user/zgriffith/ShowerLLH/IT81-II_data/files/burn_sample/DataLLH_201301_00122052_00000179_00122052_00000180.hdf5
Merging /data/user/zgriffith/ShowerLLH/IT81-II_data/files/burn_sample/DataLLH_201301_00122052_00000181_00122052_00000182.hdf5
Merging /data/user/zgriffith/ShowerLLH/IT81-II_data/files/burn_sample/DataLLH_201301_00122052_00000183_00122052_00000184.hdf5
Merging /data/user/zgriffith/ShowerLLH/IT81-II_data/files/burn_sample/DataLLH_201301_00122052_00000185_00122052_00000186.hdf5
Merging /data/user/zgriffith/ShowerLLH/IT81-II_data/files/burn_sample/DataLLH_201301_00122052_00000211_00122052_00000212.hdf5
Merging /data/user/zgriffith/ShowerLLH/IT81-II_data/files/burn_sample/DataLLH_201301_00122052_00000213_00122052_00000214.hdf5
Merging /data/user/zgriffith/ShowerLLH/IT81-II_data/files/burn_sample/DataLLH_201301_00122052_00000215_00122052_00000216.hdf5
Merging /data/user/zgriffith/ShowerLLH/IT81-II_data/files/burn_sample/DataLLH_201301_00122052_00000217_00122052_00000218.hdf5
Merging /data/user/zgriffith/ShowerLLH/IT81-II_data/files/burn_sample/DataLLH_201301_00122094_00000080_00122094_00000081.hdf5
Merging /data/user/zgriffith/ShowerLLH/IT81-II_data/files/burn_sample/DataLLH_201301_00122094_00000082_00122094_00000083.hdf5
Merging /data/user/zgriffith/ShowerLLH/IT81-II_data/files/burn_sample/DataLLH_201301_00122094_00000084_00122094_00000085.hdf5
Merging /data/user/zgriffith/ShowerLLH/IT81-II_data/files/burn_sample/DataLLH_201301_00122094_00000086_00122094_00000087.hdf5
Merging /data/user/zgriffith/ShowerLLH/IT81-II_data/files/burn_sample/DataLLH_201301_00122094_00000296_00122094_00000297.hdf5
Merging /data/user/zgriffith/ShowerLLH/IT81-II_data/files/burn_sample/DataLLH_201301_00122094_00000298_00122094_00000299.hdf5
Merging /data/user/zgriffith/ShowerLLH/IT81-II_data/files/burn_sample/DataLLH_201301_00122094_00000300_00122094_00000301.hdf5
Merging /data/user/zgriffith/ShowerLLH/IT81-II_data/files/burn_sample/DataLLH_201301_00122094_00000302_00122094_00000303.hdf5
Merging /data/user/zgriffith/ShowerLLH/IT81-II_data/files/burn_sample/DataLLH_201301_00122094_00000328_00122094_00000329.hdf5
Merging /data/user/zgriffith/ShowerLLH/IT81-II_data/files/burn_sample/DataLLH_201301_00122094_00000330_00122094_00000331.hdf5
Merging /data/user/zgriffith/ShowerLLH/IT81-II_data/files/burn_sample/DataLLH_201301_00122094_00000332_00122094_00000333.hdf5
Merging /data/user/zgriffith/ShowerLLH/IT81-II_data/files/burn_sample/DataLLH_201301_00122094_00000334_00122094_00000335.hdf5
Merging /data/user/zgriffith/ShowerLLH/IT81-II_data/files/burn_sample/DataLLH_201301_00122117_00000307_00122117_00000308.hdf5
Merging /data/user/zgriffith/ShowerLLH/IT81-II_data/files/burn_sample/DataLLH_201301_00122117_00000309_00122117_00000310.hdf5
Merging /data/user/zgriffith/ShowerLLH/IT81-II_data/files/burn_sample/DataLLH_201301_00122117_00000311_00122117_00000312.hdf5
Merging /data/user/zgriffith/ShowerLLH/IT81-II_data/files/burn_sample/DataLLH_201301_00122117_00000313_00122117_00000314.hdf5
Merging /data/user/zgriffith/ShowerLLH/IT81-II_data/files/burn_sample/DataLLH_201301_00122140_00000000_00122140_00000001.hdf5
Merging /data/user/zgriffith/ShowerLLH/IT81-II_data/files/burn_sample/DataLLH_201301_00122140_00000002_00122140_00000003.hdf5
Merging /data/user/zgriffith/ShowerLLH/IT81-II_data/files/burn_sample/DataLLH_201301_00122140_00000004_00122140_00000005.hdf5
Merging /data/user/zgriffith/ShowerLLH/IT81-II_data/files/burn_sample/DataLLH_201301_00122140_00000006_00122140_00000007.hdf5
Merging /data/user/zgriffith/ShowerLLH/IT81-II_data/files/burn_sample/DataLLH_201301_00122140_00000016_00122140_00000017.hdf5
Merging /data/user/zgriffith/ShowerLLH/IT81-II_data/files/burn_sample/DataLLH_201301_00122140_00000018_00122140_00000019.hdf5
Merging /data/user/zgriffith/ShowerLLH/IT81-II_data/files/burn_sample/DataLLH_201301_00122140_00000020_00122140_00000021.hdf5
Merging /data/user/zgriffith/ShowerLLH/IT81-II_data/files/burn_sample/DataLLH_201301_00122140_00000022_00122140_00000023.hdf5
Merging /data/user/zgriffith/ShowerLLH/IT81-II_data/files/burn_sample/DataLLH_201301_00122140_00000168_00122140_00000169.hdf5
Merging /data/user/zgriffith/ShowerLLH/IT81-II_data/files/burn_sample/DataLLH_201301_00122140_00000170_00122140_00000171.hdf5
Merging /data/user/zgriffith/ShowerLLH/IT81-II_data/files/burn_sample/DataLLH_201301_00122140_00000172_00122140_00000173.hdf5
Merging /data/user/zgriffith/ShowerLLH/IT81-II_data/files/burn_sample/DataLLH_201301_00122140_00000174_00122140_00000175.hdf5
Merging /data/user/zgriffith/ShowerLLH/IT81-II_data/files/burn_sample/DataLLH_201301_00122140_00000224_00122140_00000225.hdf5
Merging /data/user/zgriffith/ShowerLLH/IT81-II_data/files/burn_sample/DataLLH_201301_00122140_00000226_00122140_00000227.hdf5
Merging /data/user/zgriffith/ShowerLLH/IT81-II_data/files/burn_sample/DataLLH_201301_00122140_00000228_00122140_00000229.hdf5
Merging /data/user/zgriffith/ShowerLLH/IT81-II_data/files/burn_sample/DataLLH_201301_00122140_00000230_00122140_00000231.hdf5
Merging /data/user/zgriffith/ShowerLLH/IT81-II_data/files/burn_sample/DataLLH_201301_00122140_00000312_00122140_00000313.hdf5
Merging /data/user/zgriffith/ShowerLLH/IT81-II_data/files/burn_sample/DataLLH_201301_00122140_00000314_00122140_00000315.hdf5
Merging /data/user/zgriffith/ShowerLLH/IT81-II_data/files/burn_sample/DataLLH_201301_00122140_00000316_00122140_00000317.hdf5
Merging /data/user/zgriffith/ShowerLLH/IT81-II_data/files/burn_sample/DataLLH_201301_00122140_00000318_00122140_00000319.hdf5
Merging /data/user/zgriffith/ShowerLLH/IT81-II_data/files/burn_sample/DataLLH_201301_00122140_00000344_00122140_00000345.hdf5
Merging /data/user/zgriffith/ShowerLLH/IT81-II_data/files/burn_sample/DataLLH_201301_00122140_00000346_00122140_00000347.hdf5
Merging /data/user/zgriffith/ShowerLLH/IT81-II_data/files/burn_sample/DataLLH_201301_00122140_00000348_00122140_00000349.hdf5
Merging /data/user/zgriffith/ShowerLLH/IT81-II_data/files/burn_sample/DataLLH_201301_00122140_00000350_00122140_00000351.hdf5
Merging /data/user/zgriffith/ShowerLLH/IT81-II_data/files/burn_sample/DataLLH_201301_00122184_00000084_00122184_00000085.hdf5
Merging /data/user/zgriffith/ShowerLLH/IT81-II_data/files/burn_sample/DataLLH_201301_00122184_00000086_00122184_00000087.hdf5
Merging /data/user/zgriffith/ShowerLLH/IT81-II_data/files/burn_sample/DataLLH_201301_00122184_00000088_00122184_00000089.hdf5
Merging /data/user/zgriffith/ShowerLLH/IT81-II_data/files/burn_sample/DataLLH_201301_00122184_00000090_00122184_00000091.hdf5
Merging /data/user/zgriffith/ShowerLLH/IT81-II_data/files/burn_sample/DataLLH_201301_00122184_00000300_00122184_00000301.hdf5
Merging /data/user/zgriffith/ShowerLLH/IT81-II_data/files/burn_sample/DataLLH_201301_00122184_00000302_00122184_00000303.hdf5
Merging /data/user/zgriffith/ShowerLLH/IT81-II_data/files/burn_sample/DataLLH_201301_00122184_00000304_00122184_00000305.hdf5
Merging /data/user/zgriffith/ShowerLLH/IT81-II_data/files/burn_sample/DataLLH_201301_00122184_00000306_00122184_00000307.hdf5
Merging /data/user/zgriffith/ShowerLLH/IT81-II_data/files/burn_sample/DataLLH_201301_00122184_00000308_00122184_00000309.hdf5
Merging /data/user/zgriffith/ShowerLLH/IT81-II_data/files/burn_sample/DataLLH_201301_00122184_00000310_00122184_00000311.hdf5
Merging /data/user/zgriffith/ShowerLLH/IT81-II_data/files/burn_sample/DataLLH_201301_00122184_00000312_00122184_00000313.hdf5
Merging /data/user/zgriffith/ShowerLLH/IT81-II_data/files/burn_sample/DataLLH_201301_00122184_00000314_00122184_00000315.hdf5
Merging /data/user/zgriffith/ShowerLLH/IT81-II_data/files/burn_sample/DataLLH_201301_00122184_00000324_00122184_00000325.hdf5
Merging /data/user/zgriffith/ShowerLLH/IT81-II_data/files/burn_sample/DataLLH_201301_00122184_00000326_00122184_00000327.hdf5
Merging /data/user/zgriffith/ShowerLLH/IT81-II_data/files/burn_sample/DataLLH_201301_00122184_00000328_00122184_00000329.hdf5
Merging /data/user/zgriffith/ShowerLLH/IT81-II_data/files/burn_sample/DataLLH_201301_00122184_00000330_00122184_00000331.hdf5
Merging /data/user/zgriffith/ShowerLLH/IT81-II_data/files/burn_sample/DataLLH_201301_00122184_00000332_00122184_00000333.hdf5
Merging /data/user/zgriffith/ShowerLLH/IT81-II_data/files/burn_sample/DataLLH_201301_00122184_00000334_00122184_00000335.hdf5
Merging /data/user/zgriffith/ShowerLLH/IT81-II_data/files/burn_sample/DataLLH_201301_00122237_00000000_00122237_00000001.hdf5
Merging /data/user/zgriffith/ShowerLLH/IT81-II_data/files/burn_sample/DataLLH_201301_00122237_00000002_00122237_00000003.hdf5
Merging /data/user/zgriffith/ShowerLLH/IT81-II_data/files/burn_sample/DataLLH_201301_00122237_00000004_00122237_00000005.hdf5
Merging /data/user/zgriffith/ShowerLLH/IT81-II_data/files/burn_sample/DataLLH_201301_00122237_00000006_00122237_00000007.hdf5
Merging /data/user/zgriffith/ShowerLLH/IT81-II_data/files/burn_sample/DataLLH_201301_00122237_00000008_00122237_00000009.hdf5
Merging /data/user/zgriffith/ShowerLLH/IT81-II_data/files/burn_sample/DataLLH_201301_00122237_00000010_00122237_00000011.hdf5
Merging /data/user/zgriffith/ShowerLLH/IT81-II_data/files/burn_sample/DataLLH_201301_00122237_00000044_00122237_00000045.hdf5
Merging /data/user/zgriffith/ShowerLLH/IT81-II_data/files/burn_sample/DataLLH_201301_00122237_00000046_00122237_00000047.hdf5
Merging /data/user/zgriffith/ShowerLLH/IT81-II_data/files/burn_sample/DataLLH_201301_00122237_00000048_00122237_00000049.hdf5
Merging /data/user/zgriffith/ShowerLLH/IT81-II_data/files/burn_sample/DataLLH_201301_00122237_00000050_00122237_00000051.hdf5
Merging /data/user/zgriffith/ShowerLLH/IT81-II_data/files/burn_sample/DataLLH_201301_00122237_00000052_00122237_00000053.hdf5
Merging /data/user/zgriffith/ShowerLLH/IT81-II_data/files/burn_sample/DataLLH_201301_00122237_00000054_00122237_00000055.hdf5
Merging /data/user/zgriffith/ShowerLLH/IT81-II_data/files/burn_sample/DataLLH_201301_00122237_00000056_00122237_00000057.hdf5
Merging /data/user/zgriffith/ShowerLLH/IT81-II_data/files/burn_sample/DataLLH_201301_00122237_00000058_00122237_00000059.hdf5
Merging /data/user/zgriffith/ShowerLLH/IT81-II_data/files/burn_sample/DataLLH_201301_00122237_00000068_00122237_00000069.hdf5
Merging /data/user/zgriffith/ShowerLLH/IT81-II_data/files/burn_sample/DataLLH_201301_00122237_00000070_00122237_00000071.hdf5
Merging /data/user/zgriffith/ShowerLLH/IT81-II_data/files/burn_sample/DataLLH_201301_00122237_00000072_00122237_00000073.hdf5
Merging /data/user/zgriffith/ShowerLLH/IT81-II_data/files/burn_sample/DataLLH_201301_00122237_00000074_00122237_00000075.hdf5
Merging /data/user/zgriffith/ShowerLLH/IT81-II_data/files/burn_sample/DataLLH_201301_00122237_00000076_00122237_00000077.hdf5
Merging /data/user/zgriffith/ShowerLLH/IT81-II_data/files/burn_sample/DataLLH_201301_00122237_00000078_00122237_00000079.hdf5
Merging /data/user/zgriffith/ShowerLLH/IT81-II_data/files/burn_sample/DataLLH_201301_00122237_00000080_00122237_00000081.hdf5
Merging /data/user/zgriffith/ShowerLLH/IT81-II_data/files/burn_sample/DataLLH_201301_00122237_00000082_00122237_00000083.hdf5
Merging /data/user/zgriffith/ShowerLLH/IT81-II_data/files/burn_sample/DataLLH_201301_00122237_00000092_00122237_00000093.hdf5
Merging /data/user/zgriffith/ShowerLLH/IT81-II_data/files/burn_sample/DataLLH_201301_00122237_00000094_00122237_00000095.hdf5
Merging /data/user/zgriffith/ShowerLLH/IT81-II_data/files/burn_sample/DataLLH_201301_00122237_00000096_00122237_00000097.hdf5
Merging /data/user/zgriffith/ShowerLLH/IT81-II_data/files/burn_sample/DataLLH_201301_00122237_00000098_00122237_00000099.hdf5
Merging /data/user/zgriffith/ShowerLLH/IT81-II_data/files/burn_sample/DataLLH_201301_00122237_00000100_00122237_00000101.hdf5
Merging /data/user/zgriffith/ShowerLLH/IT81-II_data/files/burn_sample/DataLLH_201301_00122237_00000102_00122237_00000103.hdf5
Merging /data/user/zgriffith/ShowerLLH/IT81-II_data/files/burn_sample/DataLLH_201301_00122237_00000104_00122237_00000105.hdf5
Merging /data/user/zgriffith/ShowerLLH/IT81-II_data/files/burn_sample/DataLLH_201301_00122237_00000106_00122237_00000107.hdf5
Merging /data/user/zgriffith/ShowerLLH/IT81-II_data/files/burn_sample/DataLLH_201301_00122237_00000148_00122237_00000149.hdf5
Merging /data/user/zgriffith/ShowerLLH/IT81-II_data/files/burn_sample/DataLLH_201301_00122237_00000150_00122237_00000151.hdf5
Merging /data/user/zgriffith/ShowerLLH/IT81-II_data/files/burn_sample/DataLLH_201301_00122237_00000152_00122237_00000153.hdf5
Merging /data/user/zgriffith/ShowerLLH/IT81-II_data/files/burn_sample/DataLLH_201301_00122237_00000154_00122237_00000155.hdf5
Merging /data/user/zgriffith/ShowerLLH/IT81-II_data/files/burn_sample/DataLLH_201301_00122237_00000164_00122237_00000165.hdf5
Merging /data/user/zgriffith/ShowerLLH/IT81-II_data/files/burn_sample/DataLLH_201301_00122237_00000166_00122237_00000167.hdf5
Merging /data/user/zgriffith/ShowerLLH/IT81-II_data/files/burn_sample/DataLLH_201301_00122237_00000168_00122237_00000169.hdf5
Merging /data/user/zgriffith/ShowerLLH/IT81-II_data/files/burn_sample/DataLLH_201301_00122237_00000170_00122237_00000171.hdf5
Merging /data/user/zgriffith/ShowerLLH/IT81-II_data/files/burn_sample/DataLLH_201301_00122237_00000204_00122237_00000205.hdf5
Merging /data/user/zgriffith/ShowerLLH/IT81-II_data/files/burn_sample/DataLLH_201301_00122237_00000206_00122237_00000207.hdf5
Merging /data/user/zgriffith/ShowerLLH/IT81-II_data/files/burn_sample/DataLLH_201301_00122237_00000208_00122237_00000209.hdf5
Merging /data/user/zgriffith/ShowerLLH/IT81-II_data/files/burn_sample/DataLLH_201301_00122237_00000210_00122237_00000211.hdf5
Merging /data/user/zgriffith/ShowerLLH/IT81-II_data/files/burn_sample/DataLLH_201301_00122237_00000212_00122237_00000213.hdf5
Merging /data/user/zgriffith/ShowerLLH/IT81-II_data/files/burn_sample/DataLLH_201301_00122237_00000214_00122237_00000215.hdf5
Merging /data/user/zgriffith/ShowerLLH/IT81-II_data/files/burn_sample/DataLLH_201301_00122237_00000216_00122237_00000217.hdf5
Merging /data/user/zgriffith/ShowerLLH/IT81-II_data/files/burn_sample/DataLLH_201301_00122237_00000218_00122237_00000219.hdf5
Merging /data/user/zgriffith/ShowerLLH/IT81-II_data/files/burn_sample/DataLLH_201301_00122237_00000260_00122237_00000261.hdf5
Merging /data/user/zgriffith/ShowerLLH/IT81-II_data/files/burn_sample/DataLLH_201301_00122237_00000262_00122237_00000263.hdf5
Merging /data/user/zgriffith/ShowerLLH/IT81-II_data/files/burn_sample/DataLLH_201301_00122237_00000264_00122237_00000265.hdf5
Merging /data/user/zgriffith/ShowerLLH/IT81-II_data/files/burn_sample/DataLLH_201301_00122237_00000266_00122237_00000267.hdf5
Merging /data/user/zgriffith/ShowerLLH/IT81-II_data/files/burn_sample/DataLLH_201301_00122237_00000268_00122237_00000269.hdf5
Merging /data/user/zgriffith/ShowerLLH/IT81-II_data/files/burn_sample/DataLLH_201301_00122237_00000270_00122237_00000271.hdf5
Merging /data/user/zgriffith/ShowerLLH/IT81-II_data/files/burn_sample/DataLLH_201301_00122237_00000272_00122237_00000273.hdf5
Merging /data/user/zgriffith/ShowerLLH/IT81-II_data/files/burn_sample/DataLLH_201301_00122237_00000274_00122237_00000275.hdf5
Merging /data/user/zgriffith/ShowerLLH/IT81-II_data/files/burn_sample/DataLLH_201301_00122237_00000332_00122237_00000333.hdf5
Merging /data/user/zgriffith/ShowerLLH/IT81-II_data/files/burn_sample/DataLLH_201301_00122237_00000334_00122237_00000335.hdf5
Merging /data/user/zgriffith/ShowerLLH/IT81-II_data/files/burn_sample/DataLLH_201301_00122237_00000336_00122237_00000337.hdf5
Merging /data/user/zgriffith/ShowerLLH/IT81-II_data/files/burn_sample/DataLLH_201301_00122263_00000000_00122263_00000001.hdf5
Merging /data/user/zgriffith/ShowerLLH/IT81-II_data/files/burn_sample/DataLLH_201301_00122263_00000098_00122263_00000099.hdf5
Merging /data/user/zgriffith/ShowerLLH/IT81-II_data/files/burn_sample/DataLLH_201301_00122263_00000100_00122263_00000101.hdf5
Merging /data/user/zgriffith/ShowerLLH/IT81-II_data/files/burn_sample/DataLLH_201301_00122263_00000102_00122263_00000103.hdf5
Merging /data/user/zgriffith/ShowerLLH/IT81-II_data/files/burn_sample/DataLLH_201301_00122263_00000104_00122263_00000105.hdf5
Merging /data/user/zgriffith/ShowerLLH/IT81-II_data/files/burn_sample/DataLLH_201301_00122263_00000218_00122263_00000219.hdf5
Merging /data/user/zgriffith/ShowerLLH/IT81-II_data/files/burn_sample/DataLLH_201301_00122263_00000220_00122263_00000221.hdf5
Merging /data/user/zgriffith/ShowerLLH/IT81-II_data/files/burn_sample/DataLLH_201301_00122263_00000222_00122263_00000223.hdf5
Merging /data/user/zgriffith/ShowerLLH/IT81-II_data/files/burn_sample/DataLLH_201301_00122263_00000224_00122263_00000225.hdf5
Merging /data/user/zgriffith/ShowerLLH/IT81-II_data/files/burn_sample/DataLLH_201301_00122263_00000338_00122263_00000339.hdf5
Merging /data/user/zgriffith/ShowerLLH/IT81-II_data/files/burn_sample/DataLLH_201301_00122263_00000340_00122263_00000341.hdf5
Merging /data/user/zgriffith/ShowerLLH/IT81-II_data/files/burn_sample/DataLLH_201301_00122263_00000342_00122263_00000343.hdf5
Merging /data/user/zgriffith/ShowerLLH/IT81-II_data/files/burn_sample/DataLLH_201301_00122263_00000344_00122263_00000345.hdf5
Mon Sep 21 09:34:38 CDT 2015
