000 (82661518.000.000) 09/21 09:09:46 Job submitted from host: <172.16.223.61:50378?addrs=172.16.223.61-50378>
...
001 (82661518.000.000) 09/21 09:11:50 Job executing on host: <10.128.10.41:43015?addrs=10.128.10.41-43015>
...
006 (82661518.000.000) 09/21 09:11:58 Image size of job updated: 126596
	69  -  MemoryUsage of job (MB)
	70140  -  ResidentSetSize of job (KB)
...
006 (82661518.000.000) 09/21 09:13:57 Image size of job updated: 177156
	118  -  MemoryUsage of job (MB)
	120616  -  ResidentSetSize of job (KB)
...
005 (82661518.000.000) 09/21 09:14:01 Job terminated.
	(1) Normal termination (return value 0)
		Usr 0 00:01:51, Sys 0 00:00:04  -  Run Remote Usage
		Usr 0 00:00:00, Sys 0 00:00:00  -  Run Local Usage
		Usr 0 00:01:51, Sys 0 00:00:04  -  Total Remote Usage
		Usr 0 00:00:00, Sys 0 00:00:00  -  Total Local Usage
	0  -  Run Bytes Sent By Job
	0  -  Run Bytes Received By Job
	0  -  Total Bytes Sent By Job
	0  -  Total Bytes Received By Job
	Partitionable Resources :    Usage  Request Allocated
	   Admin_mutex_1         :                           1
	   Admin_mutex_2         :                           1
	   Admin_mutex_3         :                           1
	   Cpus                  :                 1         1
	   Disk (KB)             :        7  1000000   8055489
	   Gpus                  :                           0
	   Machine_token         :                           1
	   Memory (MB)           :      118     1000      1000
...
