000 (82664205.000.000) 09/21 09:39:28 Job submitted from host: <172.16.223.61:50378?addrs=172.16.223.61-50378>
...
001 (82664205.000.000) 09/21 09:41:15 Job executing on host: <10.128.10.177:53794?addrs=10.128.10.177-53794>
...
006 (82664205.000.000) 09/21 09:41:24 Image size of job updated: 123504
	67  -  MemoryUsage of job (MB)
	68468  -  ResidentSetSize of job (KB)
...
006 (82664205.000.000) 09/21 09:42:25 Image size of job updated: 166284
	109  -  MemoryUsage of job (MB)
	111244  -  ResidentSetSize of job (KB)
...
006 (82664205.000.000) 09/21 09:43:26 Image size of job updated: 202868
	145  -  MemoryUsage of job (MB)
	147768  -  ResidentSetSize of job (KB)
...
006 (82664205.000.000) 09/21 09:44:27 Image size of job updated: 242184
	183  -  MemoryUsage of job (MB)
	187084  -  ResidentSetSize of job (KB)
...
006 (82664205.000.000) 09/21 09:45:27 Image size of job updated: 275240
	215  -  MemoryUsage of job (MB)
	220140  -  ResidentSetSize of job (KB)
...
006 (82664205.000.000) 09/21 09:46:27 Image size of job updated: 305524
	252  -  MemoryUsage of job (MB)
	258036  -  ResidentSetSize of job (KB)
...
006 (82664205.000.000) 09/21 09:47:27 Image size of job updated: 337300
	284  -  MemoryUsage of job (MB)
	289812  -  ResidentSetSize of job (KB)
...
006 (82664205.000.000) 09/21 09:48:27 Image size of job updated: 370760
	316  -  MemoryUsage of job (MB)
	323272  -  ResidentSetSize of job (KB)
...
006 (82664205.000.000) 09/21 09:49:27 Image size of job updated: 403916
	349  -  MemoryUsage of job (MB)
	356428  -  ResidentSetSize of job (KB)
...
006 (82664205.000.000) 09/21 09:50:27 Image size of job updated: 438832
	383  -  MemoryUsage of job (MB)
	391292  -  ResidentSetSize of job (KB)
...
006 (82664205.000.000) 09/21 09:51:27 Image size of job updated: 471808
	415  -  MemoryUsage of job (MB)
	424264  -  ResidentSetSize of job (KB)
...
005 (82664205.000.000) 09/21 09:52:22 Job terminated.
	(1) Normal termination (return value 0)
		Usr 0 00:09:51, Sys 0 00:00:19  -  Run Remote Usage
		Usr 0 00:00:00, Sys 0 00:00:00  -  Run Local Usage
		Usr 0 00:09:51, Sys 0 00:00:19  -  Total Remote Usage
		Usr 0 00:00:00, Sys 0 00:00:00  -  Total Local Usage
	0  -  Run Bytes Sent By Job
	0  -  Run Bytes Received By Job
	0  -  Total Bytes Sent By Job
	0  -  Total Bytes Received By Job
	Partitionable Resources :    Usage  Request Allocated
	   Admin_mutex_1         :                           1
	   Admin_mutex_2         :                           1
	   Admin_mutex_3         :                           1
	   Cpus                  :                 1         1
	   Disk (KB)             :        7  1000000   8039178
	   Gpus                  :                           0
	   Machine_token         :                           1
	   Memory (MB)           :      415     1000      1000
...
