000 (82661499.000.000) 09/21 09:09:36 Job submitted from host: <172.16.223.61:50378?addrs=172.16.223.61-50378>
...
001 (82661499.000.000) 09/21 09:11:03 Job executing on host: <10.128.10.39:60716?addrs=10.128.10.39-60716>
...
006 (82661499.000.000) 09/21 09:11:12 Image size of job updated: 45880
	25  -  MemoryUsage of job (MB)
	25152  -  ResidentSetSize of job (KB)
...
006 (82661499.000.000) 09/21 09:12:13 Image size of job updated: 152472
	94  -  MemoryUsage of job (MB)
	95784  -  ResidentSetSize of job (KB)
...
006 (82661499.000.000) 09/21 09:14:08 Image size of job updated: 182272
	123  -  MemoryUsage of job (MB)
	125580  -  ResidentSetSize of job (KB)
...
006 (82661499.000.000) 09/21 09:16:50 Image size of job updated: 289048
	227  -  MemoryUsage of job (MB)
	232356  -  ResidentSetSize of job (KB)
...
006 (82661499.000.000) 09/21 09:19:00 Image size of job updated: 350052
	288  -  MemoryUsage of job (MB)
	294172  -  ResidentSetSize of job (KB)
...
006 (82661499.000.000) 09/21 09:20:18 Image size of job updated: 377100
	322  -  MemoryUsage of job (MB)
	328860  -  ResidentSetSize of job (KB)
...
006 (82661499.000.000) 09/21 09:21:18 Image size of job updated: 393276
	350  -  MemoryUsage of job (MB)
	358272  -  ResidentSetSize of job (KB)
...
006 (82661499.000.000) 09/21 09:22:18 Image size of job updated: 423516
	385  -  MemoryUsage of job (MB)
	393636  -  ResidentSetSize of job (KB)
...
006 (82661499.000.000) 09/21 09:23:19 Image size of job updated: 456768
	419  -  MemoryUsage of job (MB)
	428144  -  ResidentSetSize of job (KB)
...
006 (82661499.000.000) 09/21 09:24:20 Image size of job updated: 461428
	449  -  MemoryUsage of job (MB)
	459096  -  ResidentSetSize of job (KB)
...
006 (82661499.000.000) 09/21 09:25:21 Image size of job updated: 494864
	482  -  MemoryUsage of job (MB)
	492792  -  ResidentSetSize of job (KB)
...
006 (82661499.000.000) 09/21 09:26:22 Image size of job updated: 527920
	514  -  MemoryUsage of job (MB)
	525900  -  ResidentSetSize of job (KB)
...
006 (82661499.000.000) 09/21 09:27:23 Image size of job updated: 565472
	551  -  MemoryUsage of job (MB)
	563452  -  ResidentSetSize of job (KB)
...
006 (82661499.000.000) 09/21 09:28:24 Image size of job updated: 596412
	581  -  MemoryUsage of job (MB)
	594708  -  ResidentSetSize of job (KB)
...
006 (82661499.000.000) 09/21 09:29:26 Image size of job updated: 634540
	619  -  MemoryUsage of job (MB)
	632836  -  ResidentSetSize of job (KB)
...
006 (82661499.000.000) 09/21 09:30:26 Image size of job updated: 664164
	647  -  MemoryUsage of job (MB)
	662204  -  ResidentSetSize of job (KB)
...
006 (82661499.000.000) 09/21 09:31:26 Image size of job updated: 690268
	672  -  MemoryUsage of job (MB)
	688080  -  ResidentSetSize of job (KB)
...
006 (82661499.000.000) 09/21 09:32:26 Image size of job updated: 718052
	700  -  MemoryUsage of job (MB)
	715864  -  ResidentSetSize of job (KB)
...
006 (82661499.000.000) 09/21 09:33:26 Image size of job updated: 741572
	722  -  MemoryUsage of job (MB)
	738892  -  ResidentSetSize of job (KB)
...
006 (82661499.000.000) 09/21 09:34:26 Image size of job updated: 766484
	746  -  MemoryUsage of job (MB)
	763548  -  ResidentSetSize of job (KB)
...
005 (82661499.000.000) 09/21 09:34:38 Job terminated.
	(1) Normal termination (return value 0)
		Usr 0 00:18:02, Sys 0 00:00:38  -  Run Remote Usage
		Usr 0 00:00:00, Sys 0 00:00:00  -  Run Local Usage
		Usr 0 00:18:02, Sys 0 00:00:38  -  Total Remote Usage
		Usr 0 00:00:00, Sys 0 00:00:00  -  Total Local Usage
	0  -  Run Bytes Sent By Job
	0  -  Run Bytes Received By Job
	0  -  Total Bytes Sent By Job
	0  -  Total Bytes Received By Job
	Partitionable Resources :    Usage  Request Allocated
	   Admin_mutex_1         :                           1
	   Admin_mutex_2         :                           1
	   Admin_mutex_3         :                           1
	   Cpus                  :                 1         1
	   Disk (KB)             :        7  1000000   8082424
	   Gpus                  :                           0
	   Machine_token         :                           1
	   Memory (MB)           :      746     1000      1000
...
