000 (82664206.000.000) 09/21 09:39:29 Job submitted from host: <172.16.223.61:50378?addrs=172.16.223.61-50378>
...
001 (82664206.000.000) 09/21 09:41:15 Job executing on host: <10.128.10.161:55525?addrs=10.128.10.161-55525>
...
006 (82664206.000.000) 09/21 09:41:24 Image size of job updated: 126132
	69  -  MemoryUsage of job (MB)
	69896  -  ResidentSetSize of job (KB)
...
006 (82664206.000.000) 09/21 09:42:25 Image size of job updated: 170116
	112  -  MemoryUsage of job (MB)
	113812  -  ResidentSetSize of job (KB)
...
006 (82664206.000.000) 09/21 09:43:26 Image size of job updated: 199240
	149  -  MemoryUsage of job (MB)
	152068  -  ResidentSetSize of job (KB)
...
006 (82664206.000.000) 09/21 09:44:26 Image size of job updated: 234200
	183  -  MemoryUsage of job (MB)
	186912  -  ResidentSetSize of job (KB)
...
006 (82664206.000.000) 09/21 09:45:26 Image size of job updated: 272908
	221  -  MemoryUsage of job (MB)
	225616  -  ResidentSetSize of job (KB)
...
006 (82664206.000.000) 09/21 09:46:26 Image size of job updated: 272908
	254  -  MemoryUsage of job (MB)
	259500  -  ResidentSetSize of job (KB)
...
006 (82664206.000.000) 09/21 09:47:26 Image size of job updated: 306752
	289  -  MemoryUsage of job (MB)
	295420  -  ResidentSetSize of job (KB)
...
006 (82664206.000.000) 09/21 09:48:26 Image size of job updated: 344212
	326  -  MemoryUsage of job (MB)
	332880  -  ResidentSetSize of job (KB)
...
006 (82664206.000.000) 09/21 09:49:26 Image size of job updated: 378952
	360  -  MemoryUsage of job (MB)
	367796  -  ResidentSetSize of job (KB)
...
006 (82664206.000.000) 09/21 09:50:26 Image size of job updated: 412964
	393  -  MemoryUsage of job (MB)
	401740  -  ResidentSetSize of job (KB)
...
005 (82664206.000.000) 09/21 09:50:30 Job terminated.
	(1) Normal termination (return value 0)
		Usr 0 00:08:19, Sys 0 00:00:15  -  Run Remote Usage
		Usr 0 00:00:00, Sys 0 00:00:00  -  Run Local Usage
		Usr 0 00:08:19, Sys 0 00:00:15  -  Total Remote Usage
		Usr 0 00:00:00, Sys 0 00:00:00  -  Total Local Usage
	0  -  Run Bytes Sent By Job
	0  -  Run Bytes Received By Job
	0  -  Total Bytes Sent By Job
	0  -  Total Bytes Received By Job
	Partitionable Resources :    Usage  Request Allocated
	   Admin_mutex_1         :                           1
	   Admin_mutex_2         :                           1
	   Admin_mutex_3         :                           1
	   Cpus                  :                 1         1
	   Disk (KB)             :        7  1000000   7965952
	   Gpus                  :                           0
	   Machine_token         :                           1
	   Memory (MB)           :      393     1000      1000
...
