000 (82664214.000.000) 09/21 09:39:37 Job submitted from host: <172.16.223.61:50378?addrs=172.16.223.61-50378>
...
001 (82664214.000.000) 09/21 09:41:15 Job executing on host: <10.128.10.136:44010?addrs=10.128.10.136-44010>
...
006 (82664214.000.000) 09/21 09:41:24 Image size of job updated: 89160
	68  -  MemoryUsage of job (MB)
	69172  -  ResidentSetSize of job (KB)
...
006 (82664214.000.000) 09/21 09:42:25 Image size of job updated: 128244
	115  -  MemoryUsage of job (MB)
	117016  -  ResidentSetSize of job (KB)
...
006 (82664214.000.000) 09/21 09:43:26 Image size of job updated: 169580
	155  -  MemoryUsage of job (MB)
	158588  -  ResidentSetSize of job (KB)
...
006 (82664214.000.000) 09/21 09:44:27 Image size of job updated: 205168
	190  -  MemoryUsage of job (MB)
	194172  -  ResidentSetSize of job (KB)
...
006 (82664214.000.000) 09/21 09:45:28 Image size of job updated: 248856
	233  -  MemoryUsage of job (MB)
	237576  -  ResidentSetSize of job (KB)
...
006 (82664214.000.000) 09/21 09:46:28 Image size of job updated: 281312
	265  -  MemoryUsage of job (MB)
	270520  -  ResidentSetSize of job (KB)
...
005 (82664214.000.000) 09/21 09:47:23 Job terminated.
	(1) Normal termination (return value 0)
		Usr 0 00:05:14, Sys 0 00:00:12  -  Run Remote Usage
		Usr 0 00:00:00, Sys 0 00:00:00  -  Run Local Usage
		Usr 0 00:05:14, Sys 0 00:00:12  -  Total Remote Usage
		Usr 0 00:00:00, Sys 0 00:00:00  -  Total Local Usage
	0  -  Run Bytes Sent By Job
	0  -  Run Bytes Received By Job
	0  -  Total Bytes Sent By Job
	0  -  Total Bytes Received By Job
	Partitionable Resources :    Usage  Request Allocated
	   Admin_mutex_1         :                           1
	   Admin_mutex_2         :                           1
	   Admin_mutex_3         :                           1
	   Cpus                  :                 1         1
	   Disk (KB)             :        7  1000000   1298249
	   Gpus                  :                           0
	   Machine_token         :                           1
	   Memory (MB)           :      265     1000      1000
...
