000 (82664254.000.000) 09/21 09:39:45 Job submitted from host: <172.16.223.61:50378?addrs=172.16.223.61-50378>
...
001 (82664254.000.000) 09/21 09:41:16 Job executing on host: <10.128.10.234:41769?addrs=10.128.10.234-41769>
...
006 (82664254.000.000) 09/21 09:41:24 Image size of job updated: 76980
	68  -  MemoryUsage of job (MB)
	69552  -  ResidentSetSize of job (KB)
...
006 (82664254.000.000) 09/21 09:42:24 Image size of job updated: 119388
	110  -  MemoryUsage of job (MB)
	111788  -  ResidentSetSize of job (KB)
...
006 (82664254.000.000) 09/21 09:43:25 Image size of job updated: 157312
	147  -  MemoryUsage of job (MB)
	149804  -  ResidentSetSize of job (KB)
...
006 (82664254.000.000) 09/21 09:44:26 Image size of job updated: 191168
	183  -  MemoryUsage of job (MB)
	187096  -  ResidentSetSize of job (KB)
...
006 (82664254.000.000) 09/21 09:45:27 Image size of job updated: 227752
	219  -  MemoryUsage of job (MB)
	223632  -  ResidentSetSize of job (KB)
...
006 (82664254.000.000) 09/21 09:46:28 Image size of job updated: 263672
	254  -  MemoryUsage of job (MB)
	259728  -  ResidentSetSize of job (KB)
...
006 (82664254.000.000) 09/21 09:47:29 Image size of job updated: 299884
	290  -  MemoryUsage of job (MB)
	296848  -  ResidentSetSize of job (KB)
...
006 (82664254.000.000) 09/21 09:48:30 Image size of job updated: 334576
	324  -  MemoryUsage of job (MB)
	331560  -  ResidentSetSize of job (KB)
...
006 (82664254.000.000) 09/21 09:49:31 Image size of job updated: 370084
	359  -  MemoryUsage of job (MB)
	367084  -  ResidentSetSize of job (KB)
...
006 (82664254.000.000) 09/21 09:50:33 Image size of job updated: 405348
	393  -  MemoryUsage of job (MB)
	402180  -  ResidentSetSize of job (KB)
...
006 (82664254.000.000) 09/21 09:51:33 Image size of job updated: 438896
	425  -  MemoryUsage of job (MB)
	434568  -  ResidentSetSize of job (KB)
...
005 (82664254.000.000) 09/21 09:52:01 Job terminated.
	(1) Normal termination (return value 0)
		Usr 0 00:09:36, Sys 0 00:00:20  -  Run Remote Usage
		Usr 0 00:00:00, Sys 0 00:00:00  -  Run Local Usage
		Usr 0 00:09:36, Sys 0 00:00:20  -  Total Remote Usage
		Usr 0 00:00:00, Sys 0 00:00:00  -  Total Local Usage
	0  -  Run Bytes Sent By Job
	0  -  Run Bytes Received By Job
	0  -  Total Bytes Sent By Job
	0  -  Total Bytes Received By Job
	Partitionable Resources :    Usage  Request Allocated
	   Admin_mutex_1         :                           1
	   Admin_mutex_2         :                           1
	   Admin_mutex_3         :                           1
	   Cpus                  :                 1         1
	   Disk (KB)             :        7  1000000   8079214
	   Gpus                  :                           0
	   Machine_token         :                           1
	   Memory (MB)           :      425     1000      1000
...
