000 (82664202.000.000) 09/21 09:39:27 Job submitted from host: <172.16.223.61:50378?addrs=172.16.223.61-50378>
...
001 (82664202.000.000) 09/21 09:41:15 Job executing on host: <10.128.10.154:60045?addrs=10.128.10.154-60045>
...
006 (82664202.000.000) 09/21 09:41:24 Image size of job updated: 74360
	69  -  MemoryUsage of job (MB)
	69816  -  ResidentSetSize of job (KB)
...
006 (82664202.000.000) 09/21 09:42:25 Image size of job updated: 114272
	108  -  MemoryUsage of job (MB)
	109600  -  ResidentSetSize of job (KB)
...
006 (82664202.000.000) 09/21 09:43:26 Image size of job updated: 148048
	141  -  MemoryUsage of job (MB)
	143492  -  ResidentSetSize of job (KB)
...
006 (82664202.000.000) 09/21 09:44:28 Image size of job updated: 181856
	176  -  MemoryUsage of job (MB)
	179508  -  ResidentSetSize of job (KB)
...
006 (82664202.000.000) 09/21 09:45:28 Image size of job updated: 214768
	207  -  MemoryUsage of job (MB)
	211832  -  ResidentSetSize of job (KB)
...
006 (82664202.000.000) 09/21 09:46:28 Image size of job updated: 252284
	244  -  MemoryUsage of job (MB)
	249416  -  ResidentSetSize of job (KB)
...
006 (82664202.000.000) 09/21 09:47:28 Image size of job updated: 288620
	279  -  MemoryUsage of job (MB)
	285492  -  ResidentSetSize of job (KB)
...
006 (82664202.000.000) 09/21 09:48:28 Image size of job updated: 317108
	307  -  MemoryUsage of job (MB)
	313680  -  ResidentSetSize of job (KB)
...
006 (82664202.000.000) 09/21 09:49:28 Image size of job updated: 348256
	338  -  MemoryUsage of job (MB)
	345336  -  ResidentSetSize of job (KB)
...
006 (82664202.000.000) 09/21 09:50:28 Image size of job updated: 379300
	368  -  MemoryUsage of job (MB)
	376360  -  ResidentSetSize of job (KB)
...
005 (82664202.000.000) 09/21 09:50:42 Job terminated.
	(1) Normal termination (return value 0)
		Usr 0 00:07:44, Sys 0 00:00:15  -  Run Remote Usage
		Usr 0 00:00:00, Sys 0 00:00:00  -  Run Local Usage
		Usr 0 00:07:44, Sys 0 00:00:15  -  Total Remote Usage
		Usr 0 00:00:00, Sys 0 00:00:00  -  Total Local Usage
	0  -  Run Bytes Sent By Job
	0  -  Run Bytes Received By Job
	0  -  Total Bytes Sent By Job
	0  -  Total Bytes Received By Job
	Partitionable Resources :    Usage  Request Allocated
	   Admin_mutex_1         :                           1
	   Admin_mutex_2         :                           1
	   Admin_mutex_3         :                           1
	   Cpus                  :                 1         1
	   Disk (KB)             :        7  1000000   1280171
	   Gpus                  :                           0
	   Machine_token         :                           1
	   Memory (MB)           :      368     1000      1000
...
