000 (82661526.000.000) 09/21 09:09:49 Job submitted from host: <172.16.223.61:50378?addrs=172.16.223.61-50378>
...
001 (82661526.000.000) 09/21 09:12:12 Job executing on host: <10.128.10.37:52764?addrs=10.128.10.37-52764>
...
006 (82661526.000.000) 09/21 09:12:20 Image size of job updated: 90424
	69  -  MemoryUsage of job (MB)
	69732  -  ResidentSetSize of job (KB)
...
006 (82661526.000.000) 09/21 09:14:16 Image size of job updated: 136060
	113  -  MemoryUsage of job (MB)
	115240  -  ResidentSetSize of job (KB)
...
006 (82661526.000.000) 09/21 09:14:22 Image size of job updated: 587360
	113  -  MemoryUsage of job (MB)
	115240  -  ResidentSetSize of job (KB)
...
005 (82661526.000.000) 09/21 09:14:22 Job terminated.
	(1) Normal termination (return value 0)
		Usr 0 00:01:49, Sys 0 00:00:04  -  Run Remote Usage
		Usr 0 00:00:00, Sys 0 00:00:00  -  Run Local Usage
		Usr 0 00:01:49, Sys 0 00:00:04  -  Total Remote Usage
		Usr 0 00:00:00, Sys 0 00:00:00  -  Total Local Usage
	0  -  Run Bytes Sent By Job
	0  -  Run Bytes Received By Job
	0  -  Total Bytes Sent By Job
	0  -  Total Bytes Received By Job
	Partitionable Resources :    Usage  Request Allocated
	   Admin_mutex_1         :                           1
	   Admin_mutex_2         :                           1
	   Admin_mutex_3         :                           1
	   Cpus                  :                 1         1
	   Disk (KB)             :        7  1000000   8082212
	   Gpus                  :                           0
	   Machine_token         :                           1
	   Memory (MB)           :      113     1000      1000
...
