000 (82664232.000.000) 09/21 09:39:39 Job submitted from host: <172.16.223.61:50378?addrs=172.16.223.61-50378>
...
001 (82664232.000.000) 09/21 09:41:15 Job executing on host: <10.128.10.148:47575?addrs=10.128.10.148-47575>
...
006 (82664232.000.000) 09/21 09:41:24 Image size of job updated: 89644
	68  -  MemoryUsage of job (MB)
	69596  -  ResidentSetSize of job (KB)
...
006 (82664232.000.000) 09/21 09:42:25 Image size of job updated: 123128
	110  -  MemoryUsage of job (MB)
	112208  -  ResidentSetSize of job (KB)
...
006 (82664232.000.000) 09/21 09:43:26 Image size of job updated: 159924
	146  -  MemoryUsage of job (MB)
	148944  -  ResidentSetSize of job (KB)
...
006 (82664232.000.000) 09/21 09:44:26 Image size of job updated: 201456
	186  -  MemoryUsage of job (MB)
	190428  -  ResidentSetSize of job (KB)
...
006 (82664232.000.000) 09/21 09:45:26 Image size of job updated: 237852
	222  -  MemoryUsage of job (MB)
	226824  -  ResidentSetSize of job (KB)
...
006 (82664232.000.000) 09/21 09:46:26 Image size of job updated: 270344
	254  -  MemoryUsage of job (MB)
	259424  -  ResidentSetSize of job (KB)
...
006 (82664232.000.000) 09/21 09:47:26 Image size of job updated: 308232
	291  -  MemoryUsage of job (MB)
	297256  -  ResidentSetSize of job (KB)
...
006 (82664232.000.000) 09/21 09:48:26 Image size of job updated: 346340
	328  -  MemoryUsage of job (MB)
	335172  -  ResidentSetSize of job (KB)
...
006 (82664232.000.000) 09/21 09:49:26 Image size of job updated: 382964
	364  -  MemoryUsage of job (MB)
	371984  -  ResidentSetSize of job (KB)
...
005 (82664232.000.000) 09/21 09:50:04 Job terminated.
	(1) Normal termination (return value 0)
		Usr 0 00:07:48, Sys 0 00:00:16  -  Run Remote Usage
		Usr 0 00:00:00, Sys 0 00:00:00  -  Run Local Usage
		Usr 0 00:07:48, Sys 0 00:00:16  -  Total Remote Usage
		Usr 0 00:00:00, Sys 0 00:00:00  -  Total Local Usage
	0  -  Run Bytes Sent By Job
	0  -  Run Bytes Received By Job
	0  -  Total Bytes Sent By Job
	0  -  Total Bytes Received By Job
	Partitionable Resources :    Usage  Request Allocated
	   Admin_mutex_1         :                           1
	   Admin_mutex_2         :                           1
	   Admin_mutex_3         :                           1
	   Cpus                  :                 1         1
	   Disk (KB)             :        7  1000000   1290281
	   Gpus                  :                           0
	   Machine_token         :                           1
	   Memory (MB)           :      364     1000      1000
...
