000 (82661525.000.000) 09/21 09:09:48 Job submitted from host: <172.16.223.61:50378?addrs=172.16.223.61-50378>
...
001 (82661525.000.000) 09/21 09:12:00 Job executing on host: <10.128.10.152:59610?addrs=10.128.10.152-59610>
...
006 (82661525.000.000) 09/21 09:12:08 Image size of job updated: 62964
	38  -  MemoryUsage of job (MB)
	38752  -  ResidentSetSize of job (KB)
...
005 (82661525.000.000) 09/21 09:12:21 Job terminated.
	(1) Normal termination (return value 0)
		Usr 0 00:00:10, Sys 0 00:00:01  -  Run Remote Usage
		Usr 0 00:00:00, Sys 0 00:00:00  -  Run Local Usage
		Usr 0 00:00:10, Sys 0 00:00:01  -  Total Remote Usage
		Usr 0 00:00:00, Sys 0 00:00:00  -  Total Local Usage
	0  -  Run Bytes Sent By Job
	0  -  Run Bytes Received By Job
	0  -  Total Bytes Sent By Job
	0  -  Total Bytes Received By Job
	Partitionable Resources :    Usage  Request Allocated
	   Admin_mutex_1         :                           1
	   Admin_mutex_2         :                           1
	   Admin_mutex_3         :                           1
	   Cpus                  :                 1         1
	   Disk (KB)             :        7  1000000   1283640
	   Gpus                  :                           0
	   Machine_token         :                           1
	   Memory (MB)           :       38     1000      1000
...
