000 (82664237.000.000) 09/21 09:39:41 Job submitted from host: <172.16.223.61:50378?addrs=172.16.223.61-50378>
...
001 (82664237.000.000) 09/21 09:41:15 Job executing on host: <10.128.10.169:47368?addrs=10.128.10.169-47368>
...
006 (82664237.000.000) 09/21 09:41:24 Image size of job updated: 126816
	69  -  MemoryUsage of job (MB)
	70468  -  ResidentSetSize of job (KB)
...
006 (82664237.000.000) 09/21 09:42:25 Image size of job updated: 165900
	115  -  MemoryUsage of job (MB)
	117316  -  ResidentSetSize of job (KB)
...
006 (82664237.000.000) 09/21 09:43:26 Image size of job updated: 203676
	153  -  MemoryUsage of job (MB)
	156444  -  ResidentSetSize of job (KB)
...
006 (82664237.000.000) 09/21 09:44:26 Image size of job updated: 239064
	188  -  MemoryUsage of job (MB)
	191716  -  ResidentSetSize of job (KB)
...
006 (82664237.000.000) 09/21 09:45:26 Image size of job updated: 279048
	227  -  MemoryUsage of job (MB)
	231768  -  ResidentSetSize of job (KB)
...
006 (82664237.000.000) 09/21 09:46:26 Image size of job updated: 280584
	264  -  MemoryUsage of job (MB)
	269420  -  ResidentSetSize of job (KB)
...
006 (82664237.000.000) 09/21 09:47:26 Image size of job updated: 317884
	300  -  MemoryUsage of job (MB)
	306856  -  ResidentSetSize of job (KB)
...
006 (82664237.000.000) 09/21 09:48:26 Image size of job updated: 343536
	335  -  MemoryUsage of job (MB)
	342364  -  ResidentSetSize of job (KB)
...
006 (82664237.000.000) 09/21 09:49:26 Image size of job updated: 381388
	371  -  MemoryUsage of job (MB)
	379840  -  ResidentSetSize of job (KB)
...
006 (82664237.000.000) 09/21 09:50:26 Image size of job updated: 416328
	406  -  MemoryUsage of job (MB)
	414960  -  ResidentSetSize of job (KB)
...
006 (82664237.000.000) 09/21 09:51:26 Image size of job updated: 451124
	440  -  MemoryUsage of job (MB)
	449868  -  ResidentSetSize of job (KB)
...
006 (82664237.000.000) 09/21 09:52:26 Image size of job updated: 487920
	475  -  MemoryUsage of job (MB)
	486328  -  ResidentSetSize of job (KB)
...
005 (82664237.000.000) 09/21 09:53:14 Job terminated.
	(1) Normal termination (return value 0)
		Usr 0 00:10:45, Sys 0 00:00:22  -  Run Remote Usage
		Usr 0 00:00:00, Sys 0 00:00:00  -  Run Local Usage
		Usr 0 00:10:45, Sys 0 00:00:22  -  Total Remote Usage
		Usr 0 00:00:00, Sys 0 00:00:00  -  Total Local Usage
	0  -  Run Bytes Sent By Job
	0  -  Run Bytes Received By Job
	0  -  Total Bytes Sent By Job
	0  -  Total Bytes Received By Job
	Partitionable Resources :    Usage  Request Allocated
	   Admin_mutex_1         :                           1
	   Admin_mutex_2         :                           1
	   Admin_mutex_3         :                           1
	   Cpus                  :                 1         1
	   Disk (KB)             :        7  1000000   8042622
	   Gpus                  :                           0
	   Machine_token         :                           1
	   Memory (MB)           :      475     1000      1000
...
